[0.010s] Invoking command in '/home/linux/c++/build/capella_avoiding_pedestrians': CMAKE_PREFIX_PATH=${CMAKE_PREFIX_PATH}:/home/linux/python/ros2_new_ws/install/capella_clean_garbage:/home/linux/python/ros2_new_ws/install/auto_clean_garbage_nodes://home/linux/python/ros2_new_ws/install/capella_clean_garbage://home/linux/python/ros2_new_ws/install/auto_clean_garbage_nodes:/opt/ros/humble /usr/bin/cmake /home/linux/c++/src/capella_avoiding_pedestrians -DCMAKE_INSTALL_PREFIX=/home/linux/c++/install/capella_avoiding_pedestrians
[0.075s] -- The C compiler identification is GNU 11.4.0
[0.291s] -- The CXX compiler identification is GNU 11.4.0
[0.451s] -- Detecting C compiler ABI info
[0.535s] -- Detecting C compiler ABI info - done
[0.540s] -- Check for working C compiler: /usr/bin/cc - skipped
[0.540s] -- Detecting C compile features
[0.540s] -- Detecting C compile features - done
[0.542s] -- Detecting CXX compiler ABI info
[0.633s] -- Detecting CXX compiler ABI info - done
[0.637s] -- Check for working CXX compiler: /usr/bin/c++ - skipped
[0.637s] -- Detecting CXX compile features
[0.637s] -- Detecting CXX compile features - done
[0.639s] -- Found ament_cmake: 1.3.11 (/opt/ros/humble/share/ament_cmake/cmake)
[0.750s] -- Found Python3: /usr/bin/python3 (found version "3.10.12") found components: Interpreter 
[0.817s] -- Found builtin_interfaces: 1.2.1 (/opt/ros/humble/share/builtin_interfaces/cmake)
[0.893s] -- Found rosidl_generator_c: 3.1.6 (/opt/ros/humble/share/rosidl_generator_c/cmake)
[0.897s] -- Found rosidl_adapter: 3.1.6 (/opt/ros/humble/share/rosidl_adapter/cmake)
[0.903s] -- Found rosidl_generator_cpp: 3.1.6 (/opt/ros/humble/share/rosidl_generator_cpp/cmake)
[0.911s] -- Using all available rosidl_typesupport_c: rosidl_typesupport_fastrtps_c;rosidl_typesupport_introspection_c
[0.922s] -- Using all available rosidl_typesupport_cpp: rosidl_typesupport_fastrtps_cpp;rosidl_typesupport_introspection_cpp
[0.932s] -- Found cv_bridge: 3.2.1 (/opt/ros/humble/share/cv_bridge/cmake)
[0.968s] -- Found nav_msgs: 4.8.0 (/opt/ros/humble/share/nav_msgs/cmake)
[0.978s] -- Found OpenCV: /usr (found version "4.5.4") 
[0.980s] -- Found rclcpp: 16.0.12 (/opt/ros/humble/share/rclcpp/cmake)
[1.004s] -- Found rmw_implementation_cmake: 6.1.2 (/opt/ros/humble/share/rmw_implementation_cmake/cmake)
[1.006s] -- Found rmw_fastrtps_cpp: 6.2.7 (/opt/ros/humble/share/rmw_fastrtps_cpp/cmake)
[1.603s] -- Found OpenSSL: /usr/lib/x86_64-linux-gnu/libcrypto.so (found version "3.0.2")  
[2.338s] -- Found FastRTPS: /opt/ros/humble/include  
[3.674s] -- Using RMW implementation 'rmw_fastrtps_cpp' as default
[3.681s] -- Looking for pthread.h
[3.773s] -- Looking for pthread.h - found
[3.773s] -- Performing Test CMAKE_HAVE_LIBC_PTHREAD
[3.858s] -- Performing Test CMAKE_HAVE_LIBC_PTHREAD - Success
[3.858s] -- Found Threads: TRUE  
[3.884s] -- Found tf2: 0.25.12 (/opt/ros/humble/share/tf2/cmake)
[3.891s] -- Found tf2_geometry_msgs: 0.25.12 (/opt/ros/humble/share/tf2_geometry_msgs/cmake)
[3.922s] -- Found eigen3_cmake_module: 0.1.1 (/opt/ros/humble/share/eigen3_cmake_module/cmake)
[3.923s] -- Found Eigen3: TRUE (found version "3.4.0") 
[3.923s] -- Ensuring Eigen3 include directory is part of orocos-kdl CMake target
[3.983s] -- Found visualization_msgs: 4.8.0 (/opt/ros/humble/share/visualization_msgs/cmake)
[3.997s] -- Found ament_lint_auto: 0.12.12 (/opt/ros/humble/share/ament_lint_auto/cmake)
[4.061s] -- Added test 'copyright' to check source files copyright and LICENSE
[4.063s] -- Added test 'cppcheck' to perform static code analysis on C / C++ code
[4.063s] RegularExpression::compile(): Nested *?+.
[4.063s] RegularExpression::compile(): Error in compile.
[4.063s] [31mCMake Error at /opt/ros/humble/share/ament_cmake_cppcheck/cmake/ament_cmake_cppcheck_lint_hook.cmake:73 (string):
[4.064s]   string sub-command REGEX, mode MATCH failed to compile regex
[4.064s]   "^/home/linux/c++/src/capella_avoiding_pedestrians/.*".
[4.064s] Call Stack (most recent call first):
[4.064s]   /opt/ros/humble/share/ament_cmake_core/cmake/core/ament_execute_extensions.cmake:48 (include)
[4.064s]   /opt/ros/humble/share/ament_lint_auto/cmake/ament_lint_auto_package_hook.cmake:21 (ament_execute_extensions)
[4.064s]   /opt/ros/humble/share/ament_cmake_core/cmake/core/ament_execute_extensions.cmake:48 (include)
[4.064s]   /opt/ros/humble/share/ament_cmake_core/cmake/core/ament_package.cmake:66 (ament_execute_extensions)
[4.064s]   CMakeLists.txt:65 (ament_package)
[4.064s] 
[4.064s] [0m
[4.064s] [31mCMake Error at /opt/ros/humble/share/ament_cmake_cppcheck/cmake/ament_cmake_cppcheck_lint_hook.cmake:75 (string):
[4.064s]   string sub-command REGEX, mode MATCH failed to compile regex
[4.064s]   "^\$<.*:/home/linux/c++/src/capella_avoiding_pedestrians/.*>$".
[4.064s] Call Stack (most recent call first):
[4.064s]   /opt/ros/humble/share/ament_cmake_core/cmake/core/ament_execute_extensions.cmake:48 (include)
[4.064s]   /opt/ros/humble/share/ament_lint_auto/cmake/ament_lint_auto_package_hook.cmake:21 (ament_execute_extensions)
[4.064s]   /opt/ros/humble/share/ament_cmake_core/cmake/core/ament_execute_extensions.cmake:48 (include)
[4.064s]   /opt/ros/humble/share/ament_cmake_core/cmake/core/ament_package.cmake:66 (ament_execute_extensions)
[4.064s]   CMakeLists.txt:65 (ament_package)
[4.064s] 
[4.064s] [0m
[4.064s] [31mCMake Error at /opt/ros/humble/share/ament_cmake_cppcheck/cmake/ament_cmake_cppcheck_lint_hook.cmake:73 (string):
[4.064s]   string sub-command REGEX, mode MATCH failed to compile regex
[4.064s]   "^/home/linux/c++/src/capella_avoiding_pedestrians/.*".
[4.064s] Call Stack (most recent call first):
[4.064s]   /opt/ros/humble/share/ament_cmake_core/cmake/core/ament_execute_extensions.cmake:48 (include)
[4.064s]   /opt/ros/humble/share/ament_lint_auto/cmake/ament_lint_auto_package_hook.cmake:21 (ament_execute_extensions)
[4.064s]   /opt/ros/humble/share/ament_cmake_core/cmake/core/ament_execute_extensions.cmake:48 (include)
[4.064s]   /opt/ros/humble/share/ament_cmake_core/cmake/core/ament_package.cmake:66 (ament_execute_extensions)
[4.064s]   CMakeLists.txt:65 (ament_package)
[4.064s] 
[4.064s] [0m
[4.064s] [31mCMake Error at /opt/ros/humble/share/ament_cmake_cppcheck/cmake/ament_cmake_cppcheck_lint_hook.cmake:75 (string):
[4.064s]   string sub-command REGEX, mode MATCH failed to compile regex
[4.064s]   "^\$<.*:/home/linux/c++/src/capella_avoiding_pedestrians/.*>$".
[4.065s] Call Stack (most recent call first):
[4.065s]   /opt/ros/humble/share/ament_cmake_core/cmake/core/ament_execute_extensions.cmake:48 (include)
[4.065s]   /opt/ros/humble/share/ament_lint_auto/cmake/ament_lint_auto_package_hook.cmake:21 (ament_execute_extensions)
[4.065s]   /opt/ros/humble/share/ament_cmake_core/cmake/core/ament_execute_extensions.cmake:48 (include)
[4.065s]   /opt/ros/humble/share/ament_cmake_core/cmake/core/ament_package.cmake:66 (ament_execute_extensions)
[4.065s]   CMakeLists.txt:65 (ament_package)
[4.065s] 
[4.065s] [0m
[4.065s] RegularExpression::compile(): Nested *?+.
[4.065s] RegularExpression::compile(): Error in compile.
[4.065s] [31mCMake Error at /opt/ros/humble/share/ament_cmake_cppcheck/cmake/ament_cmake_cppcheck_lint_hook.cmake:73 (string):
[4.065s]   string sub-command REGEX, mode MATCH failed to compile regex
[4.066s]   "^/home/linux/c++/src/capella_avoiding_pedestrians/.*".
[4.066s] Call Stack (most recent call first):
[4.066s]   /opt/ros/humble/share/ament_cmake_core/cmake/core/ament_execute_extensions.cmake:48 (include)
[4.066s]   /opt/ros/humble/share/ament_lint_auto/cmake/ament_lint_auto_package_hook.cmake:21 (ament_execute_extensions)
[4.066s]   /opt/ros/humble/share/ament_cmake_core/cmake/core/ament_execute_extensions.cmake:48 (include)
[4.066s]   /opt/ros/humble/share/ament_cmake_core/cmake/core/ament_package.cmake:66 (ament_execute_extensions)
[4.066s]   CMakeLists.txt:65 (ament_package)
[4.066s] 
[4.066s] [0m
[4.066s] RegularExpression::compile(): Nested *?+.
[4.066s] RegularExpression::compile(): Error in compile.
[4.066s] RegularExpression::compile(): Nested *?+.
[4.066s] RegularExpression::compile(): Error in compile.
[4.066s] RegularExpression::compile(): Nested *?+.
[4.066s] RegularExpression::compile(): Error in compile.
[4.066s] RegularExpression::compile(): Nested *?+.
[4.066s] RegularExpression::compile(): Error in compile.
[4.066s] RegularExpression::compile(): Nested *?+.
[4.066s] RegularExpression::compile(): Error in compile.
[4.066s] RegularExpression::compile(): Nested *?+.
[4.066s] RegularExpression::compile(): Error in compile.
[4.066s] RegularExpression::compile(): Nested *?+.
[4.066s] RegularExpression::compile(): Error in compile.
[4.066s] RegularExpression::compile(): Nested *?+.
[4.066s] RegularExpression::compile(): Error in compile.
[4.066s] [31mCMake Error at /opt/ros/humble/share/ament_cmake_cppcheck/cmake/ament_cmake_cppcheck_lint_hook.cmake:75 (string):
[4.066s]   string sub-command REGEX, mode MATCH failed to compile regex
[4.066s]   "^\$<.*:/home/linux/c++/src/capella_avoiding_pedestrians/.*>$".
[4.066s] Call Stack (most recent call first):
[4.066s]   /opt/ros/humble/share/ament_cmake_core/cmake/core/ament_execute_extensions.cmake:48 (include)
[4.066s]   /opt/ros/humble/share/ament_lint_auto/cmake/ament_lint_auto_package_hook.cmake:21 (ament_execute_extensions)
[4.066s]   /opt/ros/humble/share/ament_cmake_core/cmake/core/ament_execute_extensions.cmake:48 (include)
[4.067s]   /opt/ros/humble/share/ament_cmake_core/cmake/core/ament_package.cmake:66 (ament_execute_extensions)
[4.067s]   CMakeLists.txt:65 (ament_package)
[4.067s] 
[4.067s] [0m
[4.067s] [31mCMake Error at /opt/ros/humble/share/ament_cmake_cppcheck/cmake/ament_cmake_cppcheck_lint_hook.cmake:73 (string):
[4.067s]   string sub-command REGEX, mode MATCH failed to compile regex
[4.067s]   "^/home/linux/c++/src/capella_avoiding_pedestrians/.*".
[4.067s] Call Stack (most recent call first):
[4.067s]   /opt/ros/humble/share/ament_cmake_core/cmake/core/ament_execute_extensions.cmake:48 (include)
[4.067s]   /opt/ros/humble/share/ament_lint_auto/cmake/ament_lint_auto_package_hook.cmake:21 (ament_execute_extensions)
[4.067s]   /opt/ros/humble/share/ament_cmake_core/cmake/core/ament_execute_extensions.cmake:48 (include)
[4.067s]   /opt/ros/humble/share/ament_cmake_core/cmake/core/ament_package.cmake:66 (ament_execute_extensions)
[4.067s]   CMakeLists.txt:65 (ament_package)
[4.067s] 
[4.067s] [0m
[4.067s] [31mCMake Error at /opt/ros/humble/share/ament_cmake_cppcheck/cmake/ament_cmake_cppcheck_lint_hook.cmake:75 (string):
[4.067s]   string sub-command REGEX, mode MATCH failed to compile regex
[4.067s]   "^\$<.*:/home/linux/c++/src/capella_avoiding_pedestrians/.*>$".
[4.067s] Call Stack (most recent call first):
[4.067s]   /opt/ros/humble/share/ament_cmake_core/cmake/core/ament_execute_extensions.cmake:48 (include)
[4.067s]   /opt/ros/humble/share/ament_lint_auto/cmake/ament_lint_auto_package_hook.cmake:21 (ament_execute_extensions)
[4.068s]   /opt/ros/humble/share/ament_cmake_core/cmake/core/ament_execute_extensions.cmake:48 (include)
[4.068s]   /opt/ros/humble/share/ament_cmake_core/cmake/core/ament_package.cmake:66 (ament_execute_extensions)
[4.068s]   CMakeLists.txt:65 (ament_package)
[4.068s] 
[4.068s] [0m
[4.068s] [31mCMake Error at /opt/ros/humble/share/ament_cmake_cppcheck/cmake/ament_cmake_cppcheck_lint_hook.cmake:73 (string):
[4.068s]   string sub-command REGEX, mode MATCH failed to compile regex
[4.068s]   "^/home/linux/c++/src/capella_avoiding_pedestrians/.*".
[4.068s] Call Stack (most recent call first):
[4.068s]   /opt/ros/humble/share/ament_cmake_core/cmake/core/ament_execute_extensions.cmake:48 (include)
[4.068s]   /opt/ros/humble/share/ament_lint_auto/cmake/ament_lint_auto_package_hook.cmake:21 (ament_execute_extensions)
[4.068s]   /opt/ros/humble/share/ament_cmake_core/cmake/core/ament_execute_extensions.cmake:48 (include)
[4.068s]   /opt/ros/humble/share/ament_cmake_core/cmake/core/ament_package.cmake:66 (ament_execute_extensions)
[4.068s]   CMakeLists.txt:65 (ament_package)
[4.068s] 
[4.068s] [0m
[4.068s] [31mCMake Error at /opt/ros/humble/share/ament_cmake_cppcheck/cmake/ament_cmake_cppcheck_lint_hook.cmake:75 (string):
[4.068s]   string sub-command REGEX, mode MATCH failed to compile regex
[4.068s]   "^\$<.*:/home/linux/c++/src/capella_avoiding_pedestrians/.*>$".
[4.068s] Call Stack (most recent call first):
[4.068s]   /opt/ros/humble/share/ament_cmake_core/cmake/core/ament_execute_extensions.cmake:48 (include)
[4.068s]   /opt/ros/humble/share/ament_lint_auto/cmake/ament_lint_auto_package_hook.cmake:21 (ament_execute_extensions)
[4.068s]   /opt/ros/humble/share/ament_cmake_core/cmake/core/ament_execute_extensions.cmake:48 (include)
[4.068s]   /opt/ros/humble/share/ament_cmake_core/cmake/core/ament_package.cmake:66 (ament_execute_extensions)
[4.068s]   CMakeLists.txt:65 (ament_package)
[4.068s] 
[4.068s] [0m
[4.068s] [31mCMake Error at /opt/ros/humble/share/ament_cmake_cppcheck/cmake/ament_cmake_cppcheck_lint_hook.cmake:73 (string):
[4.068s]   string sub-command REGEX, mode MATCH failed to compile regex
[4.068s]   "^/home/linux/c++/src/capella_avoiding_pedestrians/.*".
[4.068s] Call Stack (most recent call first):
[4.068s]   /opt/ros/humble/share/ament_cmake_core/cmake/core/ament_execute_extensions.cmake:48 (include)
[4.068s]   /opt/ros/humble/share/ament_lint_auto/cmake/ament_lint_auto_package_hook.cmake:21 (ament_execute_extensions)
[4.068s]   /opt/ros/humble/share/ament_cmake_core/cmake/core/ament_execute_extensions.cmake:48 (include)
[4.068s]   /opt/ros/humble/share/ament_cmake_core/cmake/core/ament_package.cmake:66 (ament_execute_extensions)
[4.068s]   CMakeLists.txt:65 (ament_package)
[4.068s] 
[4.068s] [0m
[4.068s] [31mCMake Error at /opt/ros/humble/share/ament_cmake_cppcheck/cmake/ament_cmake_cppcheck_lint_hook.cmake:75 (string):
[4.068s]   string sub-command REGEX, mode MATCH failed to compile regex
[4.069s]   "^\$<.*:/home/linux/c++/src/capella_avoiding_pedestrians/.*>$".
[4.069s] Call Stack (most recent call first):
[4.069s]   /opt/ros/humble/share/ament_cmake_core/cmake/core/ament_execute_extensions.cmake:48 (include)
[4.069s]   /opt/ros/humble/share/ament_lint_auto/cmake/ament_lint_auto_package_hook.cmake:21 (ament_execute_extensions)
[4.069s]   /opt/ros/humble/share/ament_cmake_core/cmake/core/ament_execute_extensions.cmake:48 (include)
[4.069s]   /opt/ros/humble/share/ament_cmake_core/cmake/core/ament_package.cmake:66 (ament_execute_extensions)
[4.069s]   CMakeLists.txt:65 (ament_package)
[4.069s] 
[4.069s] [0m
[4.069s] [31mCMake Error at /opt/ros/humble/share/ament_cmake_cppcheck/cmake/ament_cmake_cppcheck_lint_hook.cmake:73 (string):
[4.069s]   string sub-command REGEX, mode MATCH failed to compile regex
[4.069s]   "^/home/linux/c++/src/capella_avoiding_pedestrians/.*".
[4.069s] Call Stack (most recent call first):
[4.069s]   /opt/ros/humble/share/ament_cmake_core/cmake/core/ament_execute_extensions.cmake:48 (include)
[4.069s]   /opt/ros/humble/share/ament_lint_auto/cmake/ament_lint_auto_package_hook.cmake:21 (ament_execute_extensions)
[4.069s]   /opt/ros/humble/share/ament_cmake_core/cmake/core/ament_execute_extensions.cmake:48 (include)
[4.069s]   /opt/ros/humble/share/ament_cmake_core/cmake/core/ament_package.cmake:66 (ament_execute_extensions)
[4.069s]   CMakeLists.txt:65 (ament_package)
[4.069s] 
[4.069s] [0m
[4.069s] [31mCMake Error at /opt/ros/humble/share/ament_cmake_cppcheck/cmake/ament_cmake_cppcheck_lint_hook.cmake:75 (string):
[4.069s]   string sub-command REGEX, mode MATCH failed to compile regex
[4.069s]   "^\$<.*:/home/linux/c++/src/capella_avoiding_pedestrians/.*>$".
[4.069s] RegularExpression::compile(): Nested *?+.
[4.069s] RegularExpression::compile(): Error in compile.
[4.069s] RegularExpression::compile(): Nested *?+.
[4.069s] RegularExpression::compile(): Error in compile.
[4.069s] RegularExpression::compile(): Nested *?+.
[4.069s] RegularExpression::compile(): Error in compile.
[4.069s] RegularExpression::compile(): Nested *?+.
[4.069s] RegularExpression::compile(): Error in compile.
[4.069s] RegularExpression::compile(): Nested *?+.
[4.069s] RegularExpression::compile(): Error in compile.
[4.069s] RegularExpression::compile(): Nested *?+.
[4.070s] RegularExpression::compile(): Error in compile.
[4.070s] RegularExpression::compile(): Nested *?+.
[4.070s] RegularExpression::compile(): Error in compile.
[4.070s] RegularExpression::compile(): Nested *?+.
[4.070s] RegularExpression::compile(): Error in compile.
[4.070s] RegularExpression::compile(): Nested *?+.
[4.070s] RegularExpression::compile(): Error in compile.
[4.070s] RegularExpression::compile(): Nested *?+.
[4.070s] RegularExpression::compile(): Error in compile.
[4.070s] RegularExpression::compile(): Nested *?+.
[4.070s] RegularExpression::compile(): Error in compile.
[4.070s] RegularExpression::compile(): Nested *?+.
[4.070s] RegularExpression::compile(): Error in compile.
[4.070s] RegularExpression::compile(): Nested *?+.
[4.070s] RegularExpression::compile(): Error in compile.
[4.070s] RegularExpression::compile(): Nested *?+.
[4.070s] RegularExpression::compile(): Error in compile.
[4.070s] RegularExpression::compile(): Nested *?+.
[4.070s] RegularExpression::compile(): Error in compile.
[4.070s] RegularExpression::compile(): Nested *?+.
[4.070s] RegularExpression::compile(): Error in compile.
[4.070s] RegularExpression::compile(): Nested *?+.
[4.070s] RegularExpression::compile(): Error in compile.
[4.070s] RegularExpression::compile(): Nested *?+.
[4.070s] RegularExpression::compile(): Error in compile.
[4.070s] RegularExpression::compile(): Nested *?+.
[4.070s] RegularExpression::compile(): Error in compile.
[4.070s] RegularExpression::compile(): Nested *?+.
[4.070s] RegularExpression::compile(): Error in compile.
[4.070s] -- Configured cppcheck include dirs: 
[4.070s] -- Configured cppcheck exclude dirs and/or files: 
[4.070s] Call Stack (most recent call first):
[4.070s]   /opt/ros/humble/share/ament_cmake_core/cmake/core/ament_execute_extensions.cmake:48 (include)
[4.070s]   /opt/ros/humble/share/ament_lint_auto/cmake/ament_lint_auto_package_hook.cmake:21 (ament_execute_extensions)
[4.070s]   /opt/ros/humble/share/ament_cmake_core/cmake/core/ament_execute_extensions.cmake:48 (include)
[4.070s]   /opt/ros/humble/share/ament_cmake_core/cmake/core/ament_package.cmake:66 (ament_execute_extensions)
[4.070s]   CMakeLists.txt:65 (ament_package)
[4.070s] 
[4.070s] [0m
[4.071s] [31mCMake Error at /opt/ros/humble/share/ament_cmake_cppcheck/cmake/ament_cmake_cppcheck_lint_hook.cmake:73 (string):
[4.071s]   string sub-command REGEX, mode MATCH failed to compile regex
[4.071s]   "^/home/linux/c++/src/capella_avoiding_pedestrians/.*".
[4.071s] Call Stack (most recent call first):
[4.071s]   /opt/ros/humble/share/ament_cmake_core/cmake/core/ament_execute_extensions.cmake:48 (include)
[4.071s]   /opt/ros/humble/share/ament_lint_auto/cmake/ament_lint_auto_package_hook.cmake:21 (ament_execute_extensions)
[4.071s]   /opt/ros/humble/share/ament_cmake_core/cmake/core/ament_execute_extensions.cmake:48 (include)
[4.071s]   /opt/ros/humble/share/ament_cmake_core/cmake/core/ament_package.cmake:66 (ament_execute_extensions)
[4.071s]   CMakeLists.txt:65 (ament_package)
[4.071s] 
[4.071s] [0m
[4.071s] [31mCMake Error at /opt/ros/humble/share/ament_cmake_cppcheck/cmake/ament_cmake_cppcheck_lint_hook.cmake:75 (string):
[4.071s]   string sub-command REGEX, mode MATCH failed to compile regex
[4.071s]   "^\$<.*:/home/linux/c++/src/capella_avoiding_pedestrians/.*>$".
[4.071s] Call Stack (most recent call first):
[4.071s]   /opt/ros/humble/share/ament_cmake_core/cmake/core/ament_execute_extensions.cmake:48 (include)
[4.071s]   /opt/ros/humble/share/ament_lint_auto/cmake/ament_lint_auto_package_hook.cmake:21 (ament_execute_extensions)
[4.071s]   /opt/ros/humble/share/ament_cmake_core/cmake/core/ament_execute_extensions.cmake:48 (include)
[4.071s]   /opt/ros/humble/share/ament_cmake_core/cmake/core/ament_package.cmake:66 (ament_execute_extensions)
[4.071s]   CMakeLists.txt:65 (ament_package)
[4.071s] 
[4.071s] [0m
[4.071s] [31mCMake Error at /opt/ros/humble/share/ament_cmake_cppcheck/cmake/ament_cmake_cppcheck_lint_hook.cmake:73 (string):
[4.071s]   string sub-command REGEX, mode MATCH failed to compile regex
[4.071s]   "^/home/linux/c++/src/capella_avoiding_pedestrians/.*".
[4.071s] Call Stack (most recent call first):
[4.071s]   /opt/ros/humble/share/ament_cmake_core/cmake/core/ament_execute_extensions.cmake:48 (include)
[4.071s]   /opt/ros/humble/share/ament_lint_auto/cmake/ament_lint_auto_package_hook.cmake:21 (ament_execute_extensions)
[4.071s]   /opt/ros/humble/share/ament_cmake_core/cmake/core/ament_execute_extensions.cmake:48 (include)
[4.071s]   /opt/ros/humble/share/ament_cmake_core/cmake/core/ament_package.cmake:66 (ament_execute_extensions)
[4.071s]   CMakeLists.txt:65 (ament_package)
[4.071s] 
[4.071s] [0m
[4.071s] [31mCMake Error at /opt/ros/humble/share/ament_cmake_cppcheck/cmake/ament_cmake_cppcheck_lint_hook.cmake:75 (string):
[4.071s]   string sub-command REGEX, mode MATCH failed to compile regex
[4.071s]   "^\$<.*:/home/linux/c++/src/capella_avoiding_pedestrians/.*>$".
[4.071s] Call Stack (most recent call first):
[4.071s]   /opt/ros/humble/share/ament_cmake_core/cmake/core/ament_execute_extensions.cmake:48 (include)
[4.071s]   /opt/ros/humble/share/ament_lint_auto/cmake/ament_lint_auto_package_hook.cmake:21 (ament_execute_extensions)
[4.071s]   /opt/ros/humble/share/ament_cmake_core/cmake/core/ament_execute_extensions.cmake:48 (include)
[4.071s]   /opt/ros/humble/share/ament_cmake_core/cmake/core/ament_package.cmake:66 (ament_execute_extensions)
[4.072s]   CMakeLists.txt:65 (ament_package)
[4.072s] 
[4.072s] [0m
[4.072s] [31mCMake Error at /opt/ros/humble/share/ament_cmake_cppcheck/cmake/ament_cmake_cppcheck_lint_hook.cmake:73 (string):
[4.072s]   string sub-command REGEX, mode MATCH failed to compile regex
[4.072s]   "^/home/linux/c++/src/capella_avoiding_pedestrians/.*".
[4.072s] Call Stack (most recent call first):
[4.072s]   /opt/ros/humble/share/ament_cmake_core/cmake/core/ament_execute_extensions.cmake:48 (include)
[4.072s]   /opt/ros/humble/share/ament_lint_auto/cmake/ament_lint_auto_package_hook.cmake:21 (ament_execute_extensions)
[4.072s]   /opt/ros/humble/share/ament_cmake_core/cmake/core/ament_execute_extensions.cmake:48 (include)
[4.072s]   /opt/ros/humble/share/ament_cmake_core/cmake/core/ament_package.cmake:66 (ament_execute_extensions)
[4.072s]   CMakeLists.txt:65 (ament_package)
[4.072s] 
[4.072s] [0m
[4.072s] [31mCMake Error at /opt/ros/humble/share/ament_cmake_cppcheck/cmake/ament_cmake_cppcheck_lint_hook.cmake:75 (string):
[4.072s]   string sub-command REGEX, mode MATCH failed to compile regex
[4.072s]   "^\$<.*:/home/linux/c++/src/capella_avoiding_pedestrians/.*>$".
[4.072s] Call Stack (most recent call first):
[4.072s]   /opt/ros/humble/share/ament_cmake_core/cmake/core/ament_execute_extensions.cmake:48 (include)
[4.072s]   /opt/ros/humble/share/ament_lint_auto/cmake/ament_lint_auto_package_hook.cmake:21 (ament_execute_extensions)
[4.072s]   /opt/ros/humble/share/ament_cmake_core/cmake/core/ament_execute_extensions.cmake:48 (include)
[4.072s]   /opt/ros/humble/share/ament_cmake_core/cmake/core/ament_package.cmake:66 (ament_execute_extensions)
[4.072s]   CMakeLists.txt:65 (ament_package)
[4.072s] 
[4.072s] [0m
[4.072s] [31mCMake Error at /opt/ros/humble/share/ament_cmake_cppcheck/cmake/ament_cmake_cppcheck_lint_hook.cmake:73 (string):
[4.072s]   string sub-command REGEX, mode MATCH failed to compile regex
[4.072s]   "^/home/linux/c++/src/capella_avoiding_pedestrians/.*".
[4.072s] Call Stack (most recent call first):
[4.072s]   /opt/ros/humble/share/ament_cmake_core/cmake/core/ament_execute_extensions.cmake:48 (include)
[4.072s]   /opt/ros/humble/share/ament_lint_auto/cmake/ament_lint_auto_package_hook.cmake:21 (ament_execute_extensions)
[4.072s]   /opt/ros/humble/share/ament_cmake_core/cmake/core/ament_execute_extensions.cmake:48 (include)
[4.072s]   /opt/ros/humble/share/ament_cmake_core/cmake/core/ament_package.cmake:66 (ament_execute_extensions)
[4.072s]   CMakeLists.txt:65 (ament_package)
[4.072s] 
[4.072s] [0m
[4.072s] [31mCMake Error at /opt/ros/humble/share/ament_cmake_cppcheck/cmake/ament_cmake_cppcheck_lint_hook.cmake:75 (string):
[4.072s]   string sub-command REGEX, mode MATCH failed to compile regex
[4.072s]   "^\$<.*:/home/linux/c++/src/capella_avoiding_pedestrians/.*>$".
[4.072s] Call Stack (most recent call first):
[4.072s]   /opt/ros/humble/share/ament_cmake_core/cmake/core/ament_execute_extensions.cmake:48 (include)
[4.073s]   /opt/ros/humble/share/ament_lint_auto/cmake/ament_lint_auto_package_hook.cmake:21 (ament_execute_extensions)
[4.073s]   /opt/ros/humble/share/ament_cmake_core/cmake/core/ament_execute_extensions.cmake:48 (include)
[4.073s]   /opt/ros/humble/share/ament_cmake_core/cmake/core/ament_package.cmake:66 (ament_execute_extensions)
[4.073s]   CMakeLists.txt:65 (ament_package)
[4.073s] 
[4.073s] [0m
[4.073s] [31mCMake Error at /opt/ros/humble/share/ament_cmake_cppcheck/cmake/ament_cmake_cppcheck_lint_hook.cmake:73 (string):
[4.073s]   string sub-command REGEX, mode MATCH failed to compile regex
[4.073s]   "^/home/linux/c++/src/capella_avoiding_pedestrians/.*".
[4.073s] Call Stack (most recent call first):
[4.073s]   /opt/ros/humble/share/ament_cmake_core/cmake/core/ament_execute_extensions.cmake:48 (include)
[4.073s]   /opt/ros/humble/share/ament_lint_auto/cmake/ament_lint_auto_package_hook.cmake:21 (ament_execute_extensions)
[4.073s]   /opt/ros/humble/share/ament_cmake_core/cmake/core/ament_execute_extensions.cmake:48 (include)
[4.073s]   /opt/ros/humble/share/ament_cmake_core/cmake/core/ament_package.cmake:66 (ament_execute_extensions)
[4.073s]   CMakeLists.txt:65 (ament_package)
[4.073s] 
[4.073s] [0m
[4.073s] [31mCMake Error at /opt/ros/humble/share/ament_cmake_cppcheck/cmake/ament_cmake_cppcheck_lint_hook.cmake:75 (string):
[4.073s]   string sub-command REGEX, mode MATCH failed to compile regex
[4.073s]   "^\$<.*:/home/linux/c++/src/capella_avoiding_pedestrians/.*>$".
[4.073s] Call Stack (most recent call first):
[4.073s]   /opt/ros/humble/share/ament_cmake_core/cmake/core/ament_execute_extensions.cmake:48 (include)
[4.073s]   /opt/ros/humble/share/ament_lint_auto/cmake/ament_lint_auto_package_hook.cmake:21 (ament_execute_extensions)
[4.073s]   /opt/ros/humble/share/ament_cmake_core/cmake/core/ament_execute_extensions.cmake:48 (include)
[4.073s]   /opt/ros/humble/share/ament_cmake_core/cmake/core/ament_package.cmake:66 (ament_execute_extensions)
[4.073s]   CMakeLists.txt:65 (ament_package)
[4.073s] 
[4.073s] [0m
[4.073s] [31mCMake Error at /opt/ros/humble/share/ament_cmake_cppcheck/cmake/ament_cmake_cppcheck_lint_hook.cmake:73 (string):
[4.073s]   string sub-command REGEX, mode MATCH failed to compile regex
[4.073s]   "^/home/linux/c++/src/capella_avoiding_pedestrians/.*".
[4.073s] Call Stack (most recent call first):
[4.073s]   /opt/ros/humble/share/ament_cmake_core/cmake/core/ament_execute_extensions.cmake:48 (include)
[4.073s]   /opt/ros/humble/share/ament_lint_auto/cmake/ament_lint_auto_package_hook.cmake:21 (ament_execute_extensions)
[4.073s]   /opt/ros/humble/share/ament_cmake_core/cmake/core/ament_execute_extensions.cmake:48 (include)
[4.073s]   /opt/ros/humble/share/ament_cmake_core/cmake/core/ament_package.cmake:66 (ament_execute_extensions)
[4.073s]   CMakeLists.txt:65 (ament_package)
[4.073s] 
[4.073s] [0m
[4.073s] [31mCMake Error at /opt/ros/humble/share/ament_cmake_cppcheck/cmake/ament_cmake_cppcheck_lint_hook.cmake:75 (string):
[4.073s]   string sub-command REGEX, mode MATCH failed to compile regex
[4.073s]   "^\$<.*:/home/linux/c++/src/capella_avoiding_pedestrians/.*>$".
[4.073s] Call Stack (most recent call first):
[4.074s]   /opt/ros/humble/share/ament_cmake_core/cmake/core/ament_execute_extensions.cmake:48 (include)
[4.074s]   /opt/ros/humble/share/ament_lint_auto/cmake/ament_lint_auto_package_hook.cmake:21 (ament_execute_extensions)
[4.074s]   /opt/ros/humble/share/ament_cmake_core/cmake/core/ament_execute_extensions.cmake:48 (include)
[4.074s]   /opt/ros/humble/share/ament_cmake_core/cmake/core/ament_package.cmake:66 (ament_execute_extensions)
[4.074s]   CMakeLists.txt:65 (ament_package)
[4.074s] 
[4.074s] [0m
[4.074s] [31mCMake Error at /opt/ros/humble/share/ament_cmake_cppcheck/cmake/ament_cmake_cppcheck_lint_hook.cmake:73 (string):
[4.074s]   string sub-command REGEX, mode MATCH failed to compile regex
[4.074s]   "^/home/linux/c++/src/capella_avoiding_pedestrians/.*".
[4.074s] Call Stack (most recent call first):
[4.074s]   /opt/ros/humble/share/ament_cmake_core/cmake/core/ament_execute_extensions.cmake:48 (include)
[4.074s]   /opt/ros/humble/share/ament_lint_auto/cmake/ament_lint_auto_package_hook.cmake:21 (ament_execute_extensions)
[4.074s]   /opt/ros/humble/share/ament_cmake_core/cmake/core/ament_execute_extensions.cmake:48 (include)
[4.074s]   /opt/ros/humble/share/ament_cmake_core/cmake/core/ament_package.cmake:66 (ament_execute_extensions)
[4.074s]   CMakeLists.txt:65 (ament_package)
[4.074s] 
[4.074s] [0m
[4.074s] [31mCMake Error at /opt/ros/humble/share/ament_cmake_cppcheck/cmake/ament_cmake_cppcheck_lint_hook.cmake:75 (string):
[4.074s]   string sub-command REGEX, mode MATCH failed to compile regex
[4.074s]   "^\$<.*:/home/linux/c++/src/capella_avoiding_pedestrians/.*>$".
[4.074s] Call Stack (most recent call first):
[4.074s]   /opt/ros/humble/share/ament_cmake_core/cmake/core/ament_execute_extensions.cmake:48 (include)
[4.074s]   /opt/ros/humble/share/ament_lint_auto/cmake/ament_lint_auto_package_hook.cmake:21 (ament_execute_extensions)
[4.074s]   /opt/ros/humble/share/ament_cmake_core/cmake/core/ament_execute_extensions.cmake:48 (include)
[4.074s]   /opt/ros/humble/share/ament_cmake_core/cmake/core/ament_package.cmake:66 (ament_execute_extensions)
[4.074s]   CMakeLists.txt:65 (ament_package)
[4.074s] 
[4.074s] [0m
[4.074s] [31mCMake Error at /opt/ros/humble/share/ament_cmake_cppcheck/cmake/ament_cmake_cppcheck_lint_hook.cmake:73 (string):
[4.074s]   string sub-command REGEX, mode MATCH failed to compile regex
[4.074s]   "^/home/linux/c++/src/capella_avoiding_pedestrians/.*".
[4.074s] Call Stack (most recent call first):
[4.074s]   /opt/ros/humble/share/ament_cmake_core/cmake/core/ament_execute_extensions.cmake:48 (include)
[4.074s]   /opt/ros/humble/share/ament_lint_auto/cmake/ament_lint_auto_package_hook.cmake:21 (ament_execute_extensions)
[4.074s]   /opt/ros/humble/share/ament_cmake_core/cmake/core/ament_execute_extensions.cmake:48 (include)
[4.074s]   /opt/ros/humble/share/ament_cmake_core/cmake/core/ament_package.cmake:66 (ament_execute_extensions)
[4.074s]   CMakeLists.txt:65 (ament_package)
[4.074s] 
[4.074s] [0m
[4.074s] [31mCMake Error at /opt/ros/humble/share/ament_cmake_cppcheck/cmake/ament_cmake_cppcheck_lint_hook.cmake:75 (string):
[4.075s]   string sub-command REGEX, mode MATCH failed to compile regex
[4.075s]   "^\$<.*:/home/linux/c++/src/capella_avoiding_pedestrians/.*>$".
[4.075s] Call Stack (most recent call first):
[4.075s]   /opt/ros/humble/share/ament_cmake_core/cmake/core/ament_execute_extensions.cmake:48 (include)
[4.075s]   /opt/ros/humble/share/ament_lint_auto/cmake/ament_lint_auto_package_hook.cmake:21 (ament_execute_extensions)
[4.075s]   /opt/ros/humble/share/ament_cmake_core/cmake/core/ament_execute_extensions.cmake:48 (include)
[4.075s]   /opt/ros/humble/share/ament_cmake_core/cmake/core/ament_package.cmake:66 (ament_execute_extensions)
[4.075s]   CMakeLists.txt:65 (ament_package)
[4.075s] 
[4.075s] [0m
[4.075s] -- Added test 'cpplint' to check C / C++ code against the Google style
[4.075s] -- Configured cpplint exclude dirs and/or files: 
[4.075s] -- Added test 'lint_cmake' to check CMake code style
[4.075s] -- Added test 'uncrustify' to check C / C++ code style
[4.075s] -- Configured uncrustify additional arguments: 
[4.075s] -- Added test 'xmllint' to check XML markup files
[4.075s] -- Configuring incomplete, errors occurred!
[4.075s] See also "/home/linux/c++/build/capella_avoiding_pedestrians/CMakeFiles/CMakeOutput.log".
[4.076s] Invoked command in '/home/linux/c++/build/capella_avoiding_pedestrians' returned '1': CMAKE_PREFIX_PATH=${CMAKE_PREFIX_PATH}:/home/linux/python/ros2_new_ws/install/capella_clean_garbage:/home/linux/python/ros2_new_ws/install/auto_clean_garbage_nodes://home/linux/python/ros2_new_ws/install/capella_clean_garbage://home/linux/python/ros2_new_ws/install/auto_clean_garbage_nodes:/opt/ros/humble /usr/bin/cmake /home/linux/c++/src/capella_avoiding_pedestrians -DCMAKE_INSTALL_PREFIX=/home/linux/c++/install/capella_avoiding_pedestrians
