[0.031s] Invoking command in '/home/linux/c++/build/capella_avoiding_pedestrians': CMAKE_PREFIX_PATH=${CMAKE_PREFIX_PATH}:/home/linux/python/ros2_new_ws/install/capella_clean_garbage:/home/linux/python/ros2_new_ws/install/auto_clean_garbage_nodes://home/linux/python/ros2_new_ws/install/capella_clean_garbage://home/linux/python/ros2_new_ws/install/auto_clean_garbage_nodes:/opt/ros/humble /usr/bin/cmake --build /home/linux/c++/build/capella_avoiding_pedestrians -- -j16 -l16
[0.308s] -- Found ament_cmake: 1.3.11 (/opt/ros/humble/share/ament_cmake/cmake)
[0.516s] -- Found builtin_interfaces: 1.2.1 (/opt/ros/humble/share/builtin_interfaces/cmake)
[0.705s] -- Found rosidl_generator_c: 3.1.6 (/opt/ros/humble/share/rosidl_generator_c/cmake)
[0.710s] -- Found rosidl_adapter: 3.1.6 (/opt/ros/humble/share/rosidl_adapter/cmake)
[0.719s] -- Found rosidl_generator_cpp: 3.1.6 (/opt/ros/humble/share/rosidl_generator_cpp/cmake)
[0.735s] -- Using all available rosidl_typesupport_c: rosidl_typesupport_fastrtps_c;rosidl_typesupport_introspection_c
[0.750s] -- Using all available rosidl_typesupport_cpp: rosidl_typesupport_fastrtps_cpp;rosidl_typesupport_introspection_cpp
[0.763s] -- Found geometry_msgs: 4.8.0 (/opt/ros/humble/share/geometry_msgs/cmake)
[0.796s] -- Found nav_msgs: 4.8.0 (/opt/ros/humble/share/nav_msgs/cmake)
[0.820s] -- Found rclcpp: 16.0.12 (/opt/ros/humble/share/rclcpp/cmake)
[0.857s] -- Found rmw_implementation_cmake: 6.1.2 (/opt/ros/humble/share/rmw_implementation_cmake/cmake)
[0.862s] -- Found rmw_fastrtps_cpp: 6.2.7 (/opt/ros/humble/share/rmw_fastrtps_cpp/cmake)
[5.010s] -- Using RMW implementation 'rmw_fastrtps_cpp' as default
[5.066s] -- Found sensor_msgs: 4.8.0 (/opt/ros/humble/share/sensor_msgs/cmake)
[5.087s] -- Found tf2: 0.25.12 (/opt/ros/humble/share/tf2/cmake)
[5.093s] -- Found tf2_geometry_msgs: 0.25.12 (/opt/ros/humble/share/tf2_geometry_msgs/cmake)
[5.097s] -- Found eigen3_cmake_module: 0.1.1 (/opt/ros/humble/share/eigen3_cmake_module/cmake)
[5.099s] -- Ensuring Eigen3 include directory is part of orocos-kdl CMake target
[5.196s] -- Found visualization_msgs: 4.8.0 (/opt/ros/humble/share/visualization_msgs/cmake)
[5.278s] -- Configuring done
[5.309s] -- Generating done
[5.316s] -- Build files have been written to: /home/linux/c++/build/capella_avoiding_pedestrians
[5.341s] [35m[1mConsolidate compiler generated dependencies of target behavior_detection_node[0m
[5.388s] [ 50%] [32mBuilding CXX object CMakeFiles/behavior_detection_node.dir/src/avoiding_pedestrians.cpp.o[0m
[22.756s] [100%] [32m[1mLinking CXX executable behavior_detection_node[0m
[24.133s] [100%] Built target behavior_detection_node
[24.143s] Invoked command in '/home/linux/c++/build/capella_avoiding_pedestrians' returned '0': CMAKE_PREFIX_PATH=${CMAKE_PREFIX_PATH}:/home/linux/python/ros2_new_ws/install/capella_clean_garbage:/home/linux/python/ros2_new_ws/install/auto_clean_garbage_nodes://home/linux/python/ros2_new_ws/install/capella_clean_garbage://home/linux/python/ros2_new_ws/install/auto_clean_garbage_nodes:/opt/ros/humble /usr/bin/cmake --build /home/linux/c++/build/capella_avoiding_pedestrians -- -j16 -l16
[24.151s] Invoking command in '/home/linux/c++/build/capella_avoiding_pedestrians': CMAKE_PREFIX_PATH=${CMAKE_PREFIX_PATH}:/home/linux/python/ros2_new_ws/install/capella_clean_garbage:/home/linux/python/ros2_new_ws/install/auto_clean_garbage_nodes://home/linux/python/ros2_new_ws/install/capella_clean_garbage://home/linux/python/ros2_new_ws/install/auto_clean_garbage_nodes:/opt/ros/humble /usr/bin/cmake --install /home/linux/c++/build/capella_avoiding_pedestrians
[24.156s] -- Install configuration: ""
[24.158s] -- Installing: /home/linux/c++/install/capella_avoiding_pedestrians/lib/capella_avoiding_pedestrians/behavior_detection_node
[24.164s] -- Set runtime path of "/home/linux/c++/install/capella_avoiding_pedestrians/lib/capella_avoiding_pedestrians/behavior_detection_node" to ""
[24.164s] -- Up-to-date: /home/linux/c++/install/capella_avoiding_pedestrians/include
[24.164s] -- Up-to-date: /home/linux/c++/install/capella_avoiding_pedestrians/include/capella_avoiding_pedestrians
[24.164s] -- Up-to-date: /home/linux/c++/install/capella_avoiding_pedestrians/include/capella_avoiding_pedestrians/avoiding_pedestrians.hpp
[24.164s] -- Up-to-date: /home/linux/c++/install/capella_avoiding_pedestrians/share/ament_index/resource_index/package_run_dependencies/capella_avoiding_pedestrians
[24.166s] -- Up-to-date: /home/linux/c++/install/capella_avoiding_pedestrians/share/ament_index/resource_index/parent_prefix_path/capella_avoiding_pedestrians
[24.166s] -- Up-to-date: /home/linux/c++/install/capella_avoiding_pedestrians/share/capella_avoiding_pedestrians/environment/ament_prefix_path.sh
[24.166s] -- Installing: /home/linux/c++/install/capella_avoiding_pedestrians/share/capella_avoiding_pedestrians/environment/ament_prefix_path.dsv
[24.166s] -- Up-to-date: /home/linux/c++/install/capella_avoiding_pedestrians/share/capella_avoiding_pedestrians/environment/path.sh
[24.167s] -- Installing: /home/linux/c++/install/capella_avoiding_pedestrians/share/capella_avoiding_pedestrians/environment/path.dsv
[24.167s] -- Up-to-date: /home/linux/c++/install/capella_avoiding_pedestrians/share/capella_avoiding_pedestrians/local_setup.bash
[24.167s] -- Up-to-date: /home/linux/c++/install/capella_avoiding_pedestrians/share/capella_avoiding_pedestrians/local_setup.sh
[24.167s] -- Up-to-date: /home/linux/c++/install/capella_avoiding_pedestrians/share/capella_avoiding_pedestrians/local_setup.zsh
[24.167s] -- Installing: /home/linux/c++/install/capella_avoiding_pedestrians/share/capella_avoiding_pedestrians/local_setup.dsv
[24.167s] -- Installing: /home/linux/c++/install/capella_avoiding_pedestrians/share/capella_avoiding_pedestrians/package.dsv
[24.167s] -- Up-to-date: /home/linux/c++/install/capella_avoiding_pedestrians/share/ament_index/resource_index/packages/capella_avoiding_pedestrians
[24.167s] -- Up-to-date: /home/linux/c++/install/capella_avoiding_pedestrians/share/capella_avoiding_pedestrians/cmake/capella_avoiding_pedestriansConfig.cmake
[24.167s] -- Up-to-date: /home/linux/c++/install/capella_avoiding_pedestrians/share/capella_avoiding_pedestrians/cmake/capella_avoiding_pedestriansConfig-version.cmake
[24.167s] -- Installing: /home/linux/c++/install/capella_avoiding_pedestrians/share/capella_avoiding_pedestrians/package.xml
[24.169s] Invoked command in '/home/linux/c++/build/capella_avoiding_pedestrians' returned '0': CMAKE_PREFIX_PATH=${CMAKE_PREFIX_PATH}:/home/linux/python/ros2_new_ws/install/capella_clean_garbage:/home/linux/python/ros2_new_ws/install/auto_clean_garbage_nodes://home/linux/python/ros2_new_ws/install/capella_clean_garbage://home/linux/python/ros2_new_ws/install/auto_clean_garbage_nodes:/opt/ros/humble /usr/bin/cmake --install /home/linux/c++/build/capella_avoiding_pedestrians
