[0.021s] Invoking command in '/home/linux/c++/build/capella_avoiding_pedestrians': CMAKE_PREFIX_PATH=${CMAKE_PREFIX_PATH}:/home/linux/python/ros2_new_ws/install/capella_clean_garbage:/home/linux/python/ros2_new_ws/install/auto_clean_garbage_nodes:/home/linux/python/install/auto_clean_garbage_nodes://home/linux/python/ros2_new_ws/install/capella_clean_garbage://home/linux/python/ros2_new_ws/install/auto_clean_garbage_nodes:/opt/ros/humble /usr/bin/cmake --build /home/linux/c++/build/capella_avoiding_pedestrians -- -j16 -l16
[0.125s] [35m[1mConsolidate compiler generated dependencies of target behavior_detection_node[0m
[0.170s] [ 50%] [32mBuilding CXX object CMakeFiles/behavior_detection_node.dir/src/avoiding_pedestrians.cpp.o[0m
[16.063s] [100%] [32m[1mLinking CXX executable behavior_detection_node[0m
[17.348s] [100%] Built target behavior_detection_node
[17.358s] Invoked command in '/home/linux/c++/build/capella_avoiding_pedestrians' returned '0': CMAKE_PREFIX_PATH=${CMAKE_PREFIX_PATH}:/home/linux/python/ros2_new_ws/install/capella_clean_garbage:/home/linux/python/ros2_new_ws/install/auto_clean_garbage_nodes:/home/linux/python/install/auto_clean_garbage_nodes://home/linux/python/ros2_new_ws/install/capella_clean_garbage://home/linux/python/ros2_new_ws/install/auto_clean_garbage_nodes:/opt/ros/humble /usr/bin/cmake --build /home/linux/c++/build/capella_avoiding_pedestrians -- -j16 -l16
[17.367s] Invoking command in '/home/linux/c++/build/capella_avoiding_pedestrians': CMAKE_PREFIX_PATH=${CMAKE_PREFIX_PATH}:/home/linux/python/ros2_new_ws/install/capella_clean_garbage:/home/linux/python/ros2_new_ws/install/auto_clean_garbage_nodes:/home/linux/python/install/auto_clean_garbage_nodes://home/linux/python/ros2_new_ws/install/capella_clean_garbage://home/linux/python/ros2_new_ws/install/auto_clean_garbage_nodes:/opt/ros/humble /usr/bin/cmake --install /home/linux/c++/build/capella_avoiding_pedestrians
[17.373s] -- Install configuration: ""
[17.375s] -- Execute custom install script
[17.375s] -- Up-to-date symlink: /home/linux/c++/install/capella_avoiding_pedestrians/lib/capella_avoiding_pedestrians/behavior_detection_node
[17.377s] -- Up-to-date symlink: /home/linux/c++/install/capella_avoiding_pedestrians/include/capella_avoiding_pedestrians/avoiding_pedestrians.hpp
[17.377s] -- Up-to-date symlink: /home/linux/c++/install/capella_avoiding_pedestrians/share/ament_index/resource_index/package_run_dependencies/capella_avoiding_pedestrians
[17.377s] -- Up-to-date symlink: /home/linux/c++/install/capella_avoiding_pedestrians/share/ament_index/resource_index/parent_prefix_path/capella_avoiding_pedestrians
[17.377s] -- Up-to-date symlink: /home/linux/c++/install/capella_avoiding_pedestrians/share/capella_avoiding_pedestrians/environment/ament_prefix_path.sh
[17.378s] -- Up-to-date symlink: /home/linux/c++/install/capella_avoiding_pedestrians/share/capella_avoiding_pedestrians/environment/ament_prefix_path.dsv
[17.378s] -- Up-to-date symlink: /home/linux/c++/install/capella_avoiding_pedestrians/share/capella_avoiding_pedestrians/environment/path.sh
[17.378s] -- Up-to-date symlink: /home/linux/c++/install/capella_avoiding_pedestrians/share/capella_avoiding_pedestrians/environment/path.dsv
[17.378s] -- Up-to-date symlink: /home/linux/c++/install/capella_avoiding_pedestrians/share/capella_avoiding_pedestrians/local_setup.bash
[17.378s] -- Up-to-date symlink: /home/linux/c++/install/capella_avoiding_pedestrians/share/capella_avoiding_pedestrians/local_setup.sh
[17.378s] -- Up-to-date symlink: /home/linux/c++/install/capella_avoiding_pedestrians/share/capella_avoiding_pedestrians/local_setup.zsh
[17.378s] -- Up-to-date symlink: /home/linux/c++/install/capella_avoiding_pedestrians/share/capella_avoiding_pedestrians/local_setup.dsv
[17.379s] -- Symlinking: /home/linux/c++/install/capella_avoiding_pedestrians/share/capella_avoiding_pedestrians/package.dsv
[17.386s] -- Up-to-date symlink: /home/linux/c++/install/capella_avoiding_pedestrians/share/ament_index/resource_index/packages/capella_avoiding_pedestrians
[17.386s] -- Up-to-date symlink: /home/linux/c++/install/capella_avoiding_pedestrians/share/capella_avoiding_pedestrians/cmake/capella_avoiding_pedestriansConfig.cmake
[17.386s] -- Up-to-date symlink: /home/linux/c++/install/capella_avoiding_pedestrians/share/capella_avoiding_pedestrians/cmake/capella_avoiding_pedestriansConfig-version.cmake
[17.386s] -- Up-to-date symlink: /home/linux/c++/install/capella_avoiding_pedestrians/share/capella_avoiding_pedestrians/package.xml
[17.389s] Invoked command in '/home/linux/c++/build/capella_avoiding_pedestrians' returned '0': CMAKE_PREFIX_PATH=${CMAKE_PREFIX_PATH}:/home/linux/python/ros2_new_ws/install/capella_clean_garbage:/home/linux/python/ros2_new_ws/install/auto_clean_garbage_nodes:/home/linux/python/install/auto_clean_garbage_nodes://home/linux/python/ros2_new_ws/install/capella_clean_garbage://home/linux/python/ros2_new_ws/install/auto_clean_garbage_nodes:/opt/ros/humble /usr/bin/cmake --install /home/linux/c++/build/capella_avoiding_pedestrians
