-- Found ament_cmake: 1.3.11 (/opt/ros/humble/share/ament_cmake/cmake)
-- Found builtin_interfaces: 1.2.1 (/opt/ros/humble/share/builtin_interfaces/cmake)
-- Found rosidl_generator_c: 3.1.6 (/opt/ros/humble/share/rosidl_generator_c/cmake)
-- Found rosidl_adapter: 3.1.6 (/opt/ros/humble/share/rosidl_adapter/cmake)
-- Found rosidl_generator_cpp: 3.1.6 (/opt/ros/humble/share/rosidl_generator_cpp/cmake)
-- Using all available rosidl_typesupport_c: rosidl_typesupport_fastrtps_c;rosidl_typesupport_introspection_c
-- Using all available rosidl_typesupport_cpp: rosidl_typesupport_fastrtps_cpp;rosidl_typesupport_introspection_cpp
-- Found geometry_msgs: 4.8.0 (/opt/ros/humble/share/geometry_msgs/cmake)
-- Found nav_msgs: 4.8.0 (/opt/ros/humble/share/nav_msgs/cmake)
-- Found rclcpp: 16.0.12 (/opt/ros/humble/share/rclcpp/cmake)
-- Found rmw_implementation_cmake: 6.1.2 (/opt/ros/humble/share/rmw_implementation_cmake/cmake)
-- Found rmw_fastrtps_cpp: 6.2.7 (/opt/ros/humble/share/rmw_fastrtps_cpp/cmake)
-- Using RMW implementation 'rmw_fastrtps_cpp' as default
-- Found sensor_msgs: 4.8.0 (/opt/ros/humble/share/sensor_msgs/cmake)
-- Found tf2: 0.25.12 (/opt/ros/humble/share/tf2/cmake)
-- Found tf2_geometry_msgs: 0.25.12 (/opt/ros/humble/share/tf2_geometry_msgs/cmake)
-- Found eigen3_cmake_module: 0.1.1 (/opt/ros/humble/share/eigen3_cmake_module/cmake)
-- Ensuring Eigen3 include directory is part of orocos-kdl CMake target
-- Found visualization_msgs: 4.8.0 (/opt/ros/humble/share/visualization_msgs/cmake)
-- Configuring done
-- Generating done
-- Build files have been written to: /home/linux/c++/build/capella_avoiding_pedestrians
[ 50%] [32mBuilding CXX object CMakeFiles/behavior_detection_node.dir/src/avoiding_pedestrians.cpp.o[0m
[100%] [32m[1mLinking CXX executable behavior_detection_node[0m
[100%] Built target behavior_detection_node
-- Install configuration: ""
-- Installing: /home/linux/c++/install/capella_avoiding_pedestrians/lib/capella_avoiding_pedestrians/behavior_detection_node
-- Set runtime path of "/home/linux/c++/install/capella_avoiding_pedestrians/lib/capella_avoiding_pedestrians/behavior_detection_node" to ""
-- Installing: /home/linux/c++/install/capella_avoiding_pedestrians/include
-- Installing: /home/linux/c++/install/capella_avoiding_pedestrians/include/capella_avoiding_pedestrians
-- Installing: /home/linux/c++/install/capella_avoiding_pedestrians/include/capella_avoiding_pedestrians/avoiding_pedestrians.hpp
-- Installing: /home/linux/c++/install/capella_avoiding_pedestrians/share/ament_index/resource_index/package_run_dependencies/capella_avoiding_pedestrians
-- Installing: /home/linux/c++/install/capella_avoiding_pedestrians/share/ament_index/resource_index/parent_prefix_path/capella_avoiding_pedestrians
-- Installing: /home/linux/c++/install/capella_avoiding_pedestrians/share/capella_avoiding_pedestrians/environment/ament_prefix_path.sh
-- Installing: /home/linux/c++/install/capella_avoiding_pedestrians/share/capella_avoiding_pedestrians/environment/ament_prefix_path.dsv
-- Installing: /home/linux/c++/install/capella_avoiding_pedestrians/share/capella_avoiding_pedestrians/environment/path.sh
-- Installing: /home/linux/c++/install/capella_avoiding_pedestrians/share/capella_avoiding_pedestrians/environment/path.dsv
-- Installing: /home/linux/c++/install/capella_avoiding_pedestrians/share/capella_avoiding_pedestrians/local_setup.bash
-- Installing: /home/linux/c++/install/capella_avoiding_pedestrians/share/capella_avoiding_pedestrians/local_setup.sh
-- Installing: /home/linux/c++/install/capella_avoiding_pedestrians/share/capella_avoiding_pedestrians/local_setup.zsh
-- Installing: /home/linux/c++/install/capella_avoiding_pedestrians/share/capella_avoiding_pedestrians/local_setup.dsv
-- Installing: /home/linux/c++/install/capella_avoiding_pedestrians/share/capella_avoiding_pedestrians/package.dsv
-- Installing: /home/linux/c++/install/capella_avoiding_pedestrians/share/ament_index/resource_index/packages/capella_avoiding_pedestrians
-- Installing: /home/linux/c++/install/capella_avoiding_pedestrians/share/capella_avoiding_pedestrians/cmake/capella_avoiding_pedestriansConfig.cmake
-- Installing: /home/linux/c++/install/capella_avoiding_pedestrians/share/capella_avoiding_pedestrians/cmake/capella_avoiding_pedestriansConfig-version.cmake
-- Installing: /home/linux/c++/install/capella_avoiding_pedestrians/share/capella_avoiding_pedestrians/package.xml
