[0.011s] Invoking command in '/home/linux/c++/build/capella_avoiding_pedestrians': CMAKE_PREFIX_PATH=${CMAKE_PREFIX_PATH}:/home/linux/python/ros2_new_ws/install/capella_clean_garbage:/home/linux/python/ros2_new_ws/install/auto_clean_garbage_nodes://home/linux/python/ros2_new_ws/install/capella_clean_garbage://home/linux/python/ros2_new_ws/install/auto_clean_garbage_nodes:/opt/ros/humble /usr/bin/cmake --build /home/linux/c++/build/capella_avoiding_pedestrians -- -j16 -l16
[0.030s] -- Found ament_cmake: 1.3.11 (/opt/ros/humble/share/ament_cmake/cmake)
[0.141s] -- Found builtin_interfaces: 1.2.1 (/opt/ros/humble/share/builtin_interfaces/cmake)
[0.245s] -- Found rosidl_generator_c: 3.1.6 (/opt/ros/humble/share/rosidl_generator_c/cmake)
[0.246s] -- Found rosidl_adapter: 3.1.6 (/opt/ros/humble/share/rosidl_adapter/cmake)
[0.250s] -- Found rosidl_generator_cpp: 3.1.6 (/opt/ros/humble/share/rosidl_generator_cpp/cmake)
[0.256s] -- Using all available rosidl_typesupport_c: rosidl_typesupport_fastrtps_c;rosidl_typesupport_introspection_c
[0.265s] -- Using all available rosidl_typesupport_cpp: rosidl_typesupport_fastrtps_cpp;rosidl_typesupport_introspection_cpp
[0.273s] -- Found geometry_msgs: 4.8.0 (/opt/ros/humble/share/geometry_msgs/cmake)
[0.291s] -- Found nav_msgs: 4.8.0 (/opt/ros/humble/share/nav_msgs/cmake)
[0.307s] -- Found rclcpp: 16.0.12 (/opt/ros/humble/share/rclcpp/cmake)
[0.326s] -- Found rmw_implementation_cmake: 6.1.2 (/opt/ros/humble/share/rmw_implementation_cmake/cmake)
[0.327s] -- Found rmw_fastrtps_cpp: 6.2.7 (/opt/ros/humble/share/rmw_fastrtps_cpp/cmake)
[3.203s] -- Using RMW implementation 'rmw_fastrtps_cpp' as default
[3.229s] -- Found sensor_msgs: 4.8.0 (/opt/ros/humble/share/sensor_msgs/cmake)
[3.240s] -- Found tf2: 0.25.12 (/opt/ros/humble/share/tf2/cmake)
[3.243s] -- Found tf2_geometry_msgs: 0.25.12 (/opt/ros/humble/share/tf2_geometry_msgs/cmake)
[3.245s] -- Found eigen3_cmake_module: 0.1.1 (/opt/ros/humble/share/eigen3_cmake_module/cmake)
[3.246s] -- Ensuring Eigen3 include directory is part of orocos-kdl CMake target
[3.294s] -- Found visualization_msgs: 4.8.0 (/opt/ros/humble/share/visualization_msgs/cmake)
[3.352s] -- Configuring done
[3.364s] -- Generating done
[3.372s] -- Build files have been written to: /home/linux/c++/build/capella_avoiding_pedestrians
[3.403s] [ 50%] [32mBuilding CXX object CMakeFiles/behavior_detection_node.dir/src/avoiding_pedestrians.cpp.o[0m
[15.340s] [100%] [32m[1mLinking CXX executable behavior_detection_node[0m
[16.125s] [100%] Built target behavior_detection_node
[16.134s] Invoked command in '/home/linux/c++/build/capella_avoiding_pedestrians' returned '0': CMAKE_PREFIX_PATH=${CMAKE_PREFIX_PATH}:/home/linux/python/ros2_new_ws/install/capella_clean_garbage:/home/linux/python/ros2_new_ws/install/auto_clean_garbage_nodes://home/linux/python/ros2_new_ws/install/capella_clean_garbage://home/linux/python/ros2_new_ws/install/auto_clean_garbage_nodes:/opt/ros/humble /usr/bin/cmake --build /home/linux/c++/build/capella_avoiding_pedestrians -- -j16 -l16
[16.143s] Invoking command in '/home/linux/c++/build/capella_avoiding_pedestrians': CMAKE_PREFIX_PATH=${CMAKE_PREFIX_PATH}:/home/linux/python/ros2_new_ws/install/capella_clean_garbage:/home/linux/python/ros2_new_ws/install/auto_clean_garbage_nodes://home/linux/python/ros2_new_ws/install/capella_clean_garbage://home/linux/python/ros2_new_ws/install/auto_clean_garbage_nodes:/opt/ros/humble /usr/bin/cmake --install /home/linux/c++/build/capella_avoiding_pedestrians
[16.148s] -- Install configuration: ""
[16.148s] -- Installing: /home/linux/c++/install/capella_avoiding_pedestrians/lib/capella_avoiding_pedestrians/behavior_detection_node
[16.154s] -- Set runtime path of "/home/linux/c++/install/capella_avoiding_pedestrians/lib/capella_avoiding_pedestrians/behavior_detection_node" to ""
[16.154s] -- Installing: /home/linux/c++/install/capella_avoiding_pedestrians/include
[16.154s] -- Installing: /home/linux/c++/install/capella_avoiding_pedestrians/include/capella_avoiding_pedestrians
[16.154s] -- Installing: /home/linux/c++/install/capella_avoiding_pedestrians/include/capella_avoiding_pedestrians/avoiding_pedestrians.hpp
[16.154s] -- Installing: /home/linux/c++/install/capella_avoiding_pedestrians/share/ament_index/resource_index/package_run_dependencies/capella_avoiding_pedestrians
[16.155s] -- Installing: /home/linux/c++/install/capella_avoiding_pedestrians/share/ament_index/resource_index/parent_prefix_path/capella_avoiding_pedestrians
[16.155s] -- Installing: /home/linux/c++/install/capella_avoiding_pedestrians/share/capella_avoiding_pedestrians/environment/ament_prefix_path.sh
[16.155s] -- Installing: /home/linux/c++/install/capella_avoiding_pedestrians/share/capella_avoiding_pedestrians/environment/ament_prefix_path.dsv
[16.155s] -- Installing: /home/linux/c++/install/capella_avoiding_pedestrians/share/capella_avoiding_pedestrians/environment/path.sh
[16.155s] -- Installing: /home/linux/c++/install/capella_avoiding_pedestrians/share/capella_avoiding_pedestrians/environment/path.dsv
[16.155s] -- Installing: /home/linux/c++/install/capella_avoiding_pedestrians/share/capella_avoiding_pedestrians/local_setup.bash
[16.155s] -- Installing: /home/linux/c++/install/capella_avoiding_pedestrians/share/capella_avoiding_pedestrians/local_setup.sh
[16.156s] -- Installing: /home/linux/c++/install/capella_avoiding_pedestrians/share/capella_avoiding_pedestrians/local_setup.zsh
[16.156s] -- Installing: /home/linux/c++/install/capella_avoiding_pedestrians/share/capella_avoiding_pedestrians/local_setup.dsv
[16.156s] -- Installing: /home/linux/c++/install/capella_avoiding_pedestrians/share/capella_avoiding_pedestrians/package.dsv
[16.156s] -- Installing: /home/linux/c++/install/capella_avoiding_pedestrians/share/ament_index/resource_index/packages/capella_avoiding_pedestrians
[16.156s] -- Installing: /home/linux/c++/install/capella_avoiding_pedestrians/share/capella_avoiding_pedestrians/cmake/capella_avoiding_pedestriansConfig.cmake
[16.157s] -- Installing: /home/linux/c++/install/capella_avoiding_pedestrians/share/capella_avoiding_pedestrians/cmake/capella_avoiding_pedestriansConfig-version.cmake
[16.157s] -- Installing: /home/linux/c++/install/capella_avoiding_pedestrians/share/capella_avoiding_pedestrians/package.xml
[16.158s] Invoked command in '/home/linux/c++/build/capella_avoiding_pedestrians' returned '0': CMAKE_PREFIX_PATH=${CMAKE_PREFIX_PATH}:/home/linux/python/ros2_new_ws/install/capella_clean_garbage:/home/linux/python/ros2_new_ws/install/auto_clean_garbage_nodes://home/linux/python/ros2_new_ws/install/capella_clean_garbage://home/linux/python/ros2_new_ws/install/auto_clean_garbage_nodes:/opt/ros/humble /usr/bin/cmake --install /home/linux/c++/build/capella_avoiding_pedestrians
