[0.012s] Invoking command in '/home/linux/c++/build/capella_avoiding_pedestrians': CMAKE_PREFIX_PATH=${CMAKE_PREFIX_PATH}:/home/linux/python/ros2_new_ws/install/capella_clean_garbage:/home/linux/python/ros2_new_ws/install/auto_clean_garbage_nodes:/home/linux/python/install/auto_clean_garbage_nodes://home/linux/python/ros2_new_ws/install/capella_clean_garbage://home/linux/python/ros2_new_ws/install/auto_clean_garbage_nodes:/opt/ros/humble /usr/bin/cmake /home/linux/c++/src/capella_avoiding_pedestrians -DAMENT_CMAKE_SYMLINK_INSTALL=1 -DCMAKE_INSTALL_PREFIX=/home/linux/c++/install/capella_avoiding_pedestrians
[0.074s] -- Found ament_cmake: 1.3.11 (/opt/ros/humble/share/ament_cmake/cmake)
[0.228s] -- Override CMake install command with custom implementation using symlinks instead of copying resources
[0.261s] -- Found builtin_interfaces: 1.2.1 (/opt/ros/humble/share/builtin_interfaces/cmake)
[0.403s] -- Found rosidl_generator_c: 3.1.6 (/opt/ros/humble/share/rosidl_generator_c/cmake)
[0.409s] -- Found rosidl_adapter: 3.1.6 (/opt/ros/humble/share/rosidl_adapter/cmake)
[0.418s] -- Found rosidl_generator_cpp: 3.1.6 (/opt/ros/humble/share/rosidl_generator_cpp/cmake)
[0.436s] -- Using all available rosidl_typesupport_c: rosidl_typesupport_fastrtps_c;rosidl_typesupport_introspection_c
[0.455s] -- Using all available rosidl_typesupport_cpp: rosidl_typesupport_fastrtps_cpp;rosidl_typesupport_introspection_cpp
[0.468s] -- Found geometry_msgs: 4.8.0 (/opt/ros/humble/share/geometry_msgs/cmake)
[0.494s] -- Found nav_msgs: 4.8.0 (/opt/ros/humble/share/nav_msgs/cmake)
[0.517s] -- Found rclcpp: 16.0.12 (/opt/ros/humble/share/rclcpp/cmake)
[0.554s] -- Found rmw_implementation_cmake: 6.1.2 (/opt/ros/humble/share/rmw_implementation_cmake/cmake)
[0.556s] -- Found rmw_fastrtps_cpp: 6.2.7 (/opt/ros/humble/share/rmw_fastrtps_cpp/cmake)
[4.393s] -- Using RMW implementation 'rmw_fastrtps_cpp' as default
[4.446s] -- Found sensor_msgs: 4.8.0 (/opt/ros/humble/share/sensor_msgs/cmake)
[4.464s] -- Found tf2: 0.25.12 (/opt/ros/humble/share/tf2/cmake)
[4.470s] -- Found tf2_geometry_msgs: 0.25.12 (/opt/ros/humble/share/tf2_geometry_msgs/cmake)
[4.476s] -- Found eigen3_cmake_module: 0.1.1 (/opt/ros/humble/share/eigen3_cmake_module/cmake)
[4.478s] -- Ensuring Eigen3 include directory is part of orocos-kdl CMake target
[4.567s] -- Found visualization_msgs: 4.8.0 (/opt/ros/humble/share/visualization_msgs/cmake)
[4.646s] -- Configuring done
[4.668s] -- Generating done
[4.673s] -- Build files have been written to: /home/linux/c++/build/capella_avoiding_pedestrians
[4.682s] Invoked command in '/home/linux/c++/build/capella_avoiding_pedestrians' returned '0': CMAKE_PREFIX_PATH=${CMAKE_PREFIX_PATH}:/home/linux/python/ros2_new_ws/install/capella_clean_garbage:/home/linux/python/ros2_new_ws/install/auto_clean_garbage_nodes:/home/linux/python/install/auto_clean_garbage_nodes://home/linux/python/ros2_new_ws/install/capella_clean_garbage://home/linux/python/ros2_new_ws/install/auto_clean_garbage_nodes:/opt/ros/humble /usr/bin/cmake /home/linux/c++/src/capella_avoiding_pedestrians -DAMENT_CMAKE_SYMLINK_INSTALL=1 -DCMAKE_INSTALL_PREFIX=/home/linux/c++/install/capella_avoiding_pedestrians
[4.684s] Invoking command in '/home/linux/c++/build/capella_avoiding_pedestrians': CMAKE_PREFIX_PATH=${CMAKE_PREFIX_PATH}:/home/linux/python/ros2_new_ws/install/capella_clean_garbage:/home/linux/python/ros2_new_ws/install/auto_clean_garbage_nodes:/home/linux/python/install/auto_clean_garbage_nodes://home/linux/python/ros2_new_ws/install/capella_clean_garbage://home/linux/python/ros2_new_ws/install/auto_clean_garbage_nodes:/opt/ros/humble /usr/bin/cmake --build /home/linux/c++/build/capella_avoiding_pedestrians -- -j16 -l16
[4.722s] [35m[1mConsolidate compiler generated dependencies of target behavior_detection_node[0m
[4.770s] [ 50%] [32mBuilding CXX object CMakeFiles/behavior_detection_node.dir/src/avoiding_pedestrians.cpp.o[0m
[19.702s] [100%] [32m[1mLinking CXX executable behavior_detection_node[0m
[21.263s] [100%] Built target behavior_detection_node
[21.276s] Invoked command in '/home/linux/c++/build/capella_avoiding_pedestrians' returned '0': CMAKE_PREFIX_PATH=${CMAKE_PREFIX_PATH}:/home/linux/python/ros2_new_ws/install/capella_clean_garbage:/home/linux/python/ros2_new_ws/install/auto_clean_garbage_nodes:/home/linux/python/install/auto_clean_garbage_nodes://home/linux/python/ros2_new_ws/install/capella_clean_garbage://home/linux/python/ros2_new_ws/install/auto_clean_garbage_nodes:/opt/ros/humble /usr/bin/cmake --build /home/linux/c++/build/capella_avoiding_pedestrians -- -j16 -l16
[21.290s] Invoking command in '/home/linux/c++/build/capella_avoiding_pedestrians': CMAKE_PREFIX_PATH=${CMAKE_PREFIX_PATH}:/home/linux/python/ros2_new_ws/install/capella_clean_garbage:/home/linux/python/ros2_new_ws/install/auto_clean_garbage_nodes:/home/linux/python/install/auto_clean_garbage_nodes://home/linux/python/ros2_new_ws/install/capella_clean_garbage://home/linux/python/ros2_new_ws/install/auto_clean_garbage_nodes:/opt/ros/humble /usr/bin/cmake --install /home/linux/c++/build/capella_avoiding_pedestrians
[21.295s] -- Install configuration: ""
[21.295s] -- Execute custom install script
[21.295s] -- Symlinking: /home/linux/c++/install/capella_avoiding_pedestrians/lib/capella_avoiding_pedestrians/behavior_detection_node
[21.307s] -- Symlinking: /home/linux/c++/install/capella_avoiding_pedestrians/include/capella_avoiding_pedestrians/avoiding_pedestrians.hpp
[21.314s] -- Symlinking: /home/linux/c++/install/capella_avoiding_pedestrians/share/ament_index/resource_index/package_run_dependencies/capella_avoiding_pedestrians
[21.321s] -- Symlinking: /home/linux/c++/install/capella_avoiding_pedestrians/share/ament_index/resource_index/parent_prefix_path/capella_avoiding_pedestrians
[21.327s] -- Symlinking: /home/linux/c++/install/capella_avoiding_pedestrians/share/capella_avoiding_pedestrians/environment/ament_prefix_path.sh
[21.335s] -- Symlinking: /home/linux/c++/install/capella_avoiding_pedestrians/share/capella_avoiding_pedestrians/environment/ament_prefix_path.dsv
[21.342s] -- Symlinking: /home/linux/c++/install/capella_avoiding_pedestrians/share/capella_avoiding_pedestrians/environment/path.sh
[21.353s] -- Symlinking: /home/linux/c++/install/capella_avoiding_pedestrians/share/capella_avoiding_pedestrians/environment/path.dsv
[21.360s] -- Symlinking: /home/linux/c++/install/capella_avoiding_pedestrians/share/capella_avoiding_pedestrians/local_setup.bash
[21.368s] -- Symlinking: /home/linux/c++/install/capella_avoiding_pedestrians/share/capella_avoiding_pedestrians/local_setup.sh
[21.375s] -- Symlinking: /home/linux/c++/install/capella_avoiding_pedestrians/share/capella_avoiding_pedestrians/local_setup.zsh
[21.383s] -- Symlinking: /home/linux/c++/install/capella_avoiding_pedestrians/share/capella_avoiding_pedestrians/local_setup.dsv
[21.389s] -- Symlinking: /home/linux/c++/install/capella_avoiding_pedestrians/share/capella_avoiding_pedestrians/package.dsv
[21.395s] -- Symlinking: /home/linux/c++/install/capella_avoiding_pedestrians/share/ament_index/resource_index/packages/capella_avoiding_pedestrians
[21.403s] -- Symlinking: /home/linux/c++/install/capella_avoiding_pedestrians/share/capella_avoiding_pedestrians/cmake/capella_avoiding_pedestriansConfig.cmake
[21.411s] -- Symlinking: /home/linux/c++/install/capella_avoiding_pedestrians/share/capella_avoiding_pedestrians/cmake/capella_avoiding_pedestriansConfig-version.cmake
[21.419s] -- Symlinking: /home/linux/c++/install/capella_avoiding_pedestrians/share/capella_avoiding_pedestrians/package.xml
[21.427s] Invoked command in '/home/linux/c++/build/capella_avoiding_pedestrians' returned '0': CMAKE_PREFIX_PATH=${CMAKE_PREFIX_PATH}:/home/linux/python/ros2_new_ws/install/capella_clean_garbage:/home/linux/python/ros2_new_ws/install/auto_clean_garbage_nodes:/home/linux/python/install/auto_clean_garbage_nodes://home/linux/python/ros2_new_ws/install/capella_clean_garbage://home/linux/python/ros2_new_ws/install/auto_clean_garbage_nodes:/opt/ros/humble /usr/bin/cmake --install /home/linux/c++/build/capella_avoiding_pedestrians
