[0.157s] DEBUG:colcon:Command line arguments: ['/usr/bin/colcon', 'build', '--packages-select', 'capella_avoiding_pedestrians', '--symlink-install']
[0.157s] DEBUG:colcon:Parsed command line arguments: Namespace(log_base=None, log_level=None, verb_name='build', build_base='build', install_base='install', merge_install=False, symlink_install=True, test_result_base=None, continue_on_error=False, executor='parallel', parallel_workers=16, event_handlers=None, ignore_user_meta=False, metas=['./colcon.meta'], base_paths=['.'], packages_ignore=None, packages_ignore_regex=None, paths=None, packages_up_to=None, packages_up_to_regex=None, packages_above=None, packages_above_and_dependencies=None, packages_above_depth=None, packages_select_by_dep=None, packages_skip_by_dep=None, packages_skip_up_to=None, packages_select_build_failed=False, packages_skip_build_finished=False, packages_select_test_failures=False, packages_skip_test_passed=False, packages_select=['capella_avoiding_pedestrians'], packages_skip=None, packages_select_regex=None, packages_skip_regex=None, packages_start=None, packages_end=None, allow_overriding=[], cmake_args=None, cmake_target=None, cmake_target_skip_unavailable=False, cmake_clean_cache=False, cmake_clean_first=False, cmake_force_configure=False, ament_cmake_args=None, catkin_cmake_args=None, catkin_skip_building_tests=False, verb_parser=<colcon_defaults.argument_parser.defaults.DefaultArgumentsDecorator object at 0x7924fad525c0>, verb_extension=<colcon_core.verb.build.BuildVerb object at 0x7924fad52080>, main=<bound method BuildVerb.main of <colcon_core.verb.build.BuildVerb object at 0x7924fad52080>>)
[0.266s] Level 1:colcon.colcon_core.package_discovery:discover_packages(colcon_meta) check parameters
[0.266s] Level 1:colcon.colcon_core.package_discovery:discover_packages(recursive) check parameters
[0.266s] Level 1:colcon.colcon_core.package_discovery:discover_packages(ignore) check parameters
[0.266s] Level 1:colcon.colcon_core.package_discovery:discover_packages(path) check parameters
[0.266s] Level 1:colcon.colcon_core.package_discovery:discover_packages(colcon_meta) discover
[0.266s] Level 1:colcon.colcon_core.package_discovery:discover_packages(recursive) discover
[0.266s] INFO:colcon.colcon_core.package_discovery:Crawling recursively for packages in '/home/linux/c++'
[0.266s] Level 1:colcon.colcon_core.package_identification:_identify(.) by extensions ['ignore', 'ignore_ament_install']
[0.266s] Level 1:colcon.colcon_core.package_identification:_identify(.) by extension 'ignore'
[0.266s] Level 1:colcon.colcon_core.package_identification:_identify(.) by extension 'ignore_ament_install'
[0.266s] Level 1:colcon.colcon_core.package_identification:_identify(.) by extensions ['colcon_pkg']
[0.266s] Level 1:colcon.colcon_core.package_identification:_identify(.) by extension 'colcon_pkg'
[0.266s] Level 1:colcon.colcon_core.package_identification:_identify(.) by extensions ['colcon_meta']
[0.266s] Level 1:colcon.colcon_core.package_identification:_identify(.) by extension 'colcon_meta'
[0.266s] Level 1:colcon.colcon_core.package_identification:_identify(.) by extensions ['ros']
[0.266s] Level 1:colcon.colcon_core.package_identification:_identify(.) by extension 'ros'
[0.274s] Level 1:colcon.colcon_core.package_identification:_identify(.) by extensions ['cmake', 'python']
[0.274s] Level 1:colcon.colcon_core.package_identification:_identify(.) by extension 'cmake'
[0.274s] Level 1:colcon.colcon_core.package_identification:_identify(.) by extension 'python'
[0.274s] Level 1:colcon.colcon_core.package_identification:_identify(.) by extensions ['python_setup_py']
[0.274s] Level 1:colcon.colcon_core.package_identification:_identify(.) by extension 'python_setup_py'
[0.274s] Level 1:colcon.colcon_core.package_identification:_identify(build) by extensions ['ignore', 'ignore_ament_install']
[0.275s] Level 1:colcon.colcon_core.package_identification:_identify(build) by extension 'ignore'
[0.275s] Level 1:colcon.colcon_core.package_identification:_identify(build) ignored
[0.275s] Level 1:colcon.colcon_core.package_identification:_identify(install) by extensions ['ignore', 'ignore_ament_install']
[0.275s] Level 1:colcon.colcon_core.package_identification:_identify(install) by extension 'ignore'
[0.275s] Level 1:colcon.colcon_core.package_identification:_identify(install) ignored
[0.275s] Level 1:colcon.colcon_core.package_identification:_identify(log) by extensions ['ignore', 'ignore_ament_install']
[0.275s] Level 1:colcon.colcon_core.package_identification:_identify(log) by extension 'ignore'
[0.275s] Level 1:colcon.colcon_core.package_identification:_identify(log) ignored
[0.275s] Level 1:colcon.colcon_core.package_identification:_identify(src) by extensions ['ignore', 'ignore_ament_install']
[0.275s] Level 1:colcon.colcon_core.package_identification:_identify(src) by extension 'ignore'
[0.275s] Level 1:colcon.colcon_core.package_identification:_identify(src) by extension 'ignore_ament_install'
[0.275s] Level 1:colcon.colcon_core.package_identification:_identify(src) by extensions ['colcon_pkg']
[0.275s] Level 1:colcon.colcon_core.package_identification:_identify(src) by extension 'colcon_pkg'
[0.275s] Level 1:colcon.colcon_core.package_identification:_identify(src) by extensions ['colcon_meta']
[0.275s] Level 1:colcon.colcon_core.package_identification:_identify(src) by extension 'colcon_meta'
[0.275s] Level 1:colcon.colcon_core.package_identification:_identify(src) by extensions ['ros']
[0.275s] Level 1:colcon.colcon_core.package_identification:_identify(src) by extension 'ros'
[0.275s] Level 1:colcon.colcon_core.package_identification:_identify(src) by extensions ['cmake', 'python']
[0.275s] Level 1:colcon.colcon_core.package_identification:_identify(src) by extension 'cmake'
[0.275s] Level 1:colcon.colcon_core.package_identification:_identify(src) by extension 'python'
[0.275s] Level 1:colcon.colcon_core.package_identification:_identify(src) by extensions ['python_setup_py']
[0.275s] Level 1:colcon.colcon_core.package_identification:_identify(src) by extension 'python_setup_py'
[0.275s] Level 1:colcon.colcon_core.package_identification:_identify(src/capella_avoiding_pedestrians) by extensions ['ignore', 'ignore_ament_install']
[0.276s] Level 1:colcon.colcon_core.package_identification:_identify(src/capella_avoiding_pedestrians) by extension 'ignore'
[0.276s] Level 1:colcon.colcon_core.package_identification:_identify(src/capella_avoiding_pedestrians) by extension 'ignore_ament_install'
[0.276s] Level 1:colcon.colcon_core.package_identification:_identify(src/capella_avoiding_pedestrians) by extensions ['colcon_pkg']
[0.276s] Level 1:colcon.colcon_core.package_identification:_identify(src/capella_avoiding_pedestrians) by extension 'colcon_pkg'
[0.276s] Level 1:colcon.colcon_core.package_identification:_identify(src/capella_avoiding_pedestrians) by extensions ['colcon_meta']
[0.276s] Level 1:colcon.colcon_core.package_identification:_identify(src/capella_avoiding_pedestrians) by extension 'colcon_meta'
[0.276s] Level 1:colcon.colcon_core.package_identification:_identify(src/capella_avoiding_pedestrians) by extensions ['ros']
[0.276s] Level 1:colcon.colcon_core.package_identification:_identify(src/capella_avoiding_pedestrians) by extension 'ros'
[0.279s] DEBUG:colcon.colcon_core.package_identification:Package 'src/capella_avoiding_pedestrians' with type 'ros.ament_cmake' and name 'capella_avoiding_pedestrians'
[0.279s] Level 1:colcon.colcon_core.package_discovery:discover_packages(recursive) using defaults
[0.279s] Level 1:colcon.colcon_core.package_discovery:discover_packages(ignore) discover
[0.279s] Level 1:colcon.colcon_core.package_discovery:discover_packages(ignore) using defaults
[0.279s] Level 1:colcon.colcon_core.package_discovery:discover_packages(path) discover
[0.279s] Level 1:colcon.colcon_core.package_discovery:discover_packages(path) using defaults
[0.300s] Level 1:colcon.colcon_core.package_discovery:discover_packages(prefix_path) check parameters
[0.300s] Level 1:colcon.colcon_core.package_discovery:discover_packages(prefix_path) discover
[0.301s] DEBUG:colcon.colcon_installed_package_information.package_discovery:Found 3 installed packages in /home/linux/python/ros2_new_ws/install
[0.301s] DEBUG:colcon.colcon_installed_package_information.package_discovery:Found 1 installed packages in /home/linux/python/install
[0.302s] DEBUG:colcon.colcon_installed_package_information.package_discovery:Found 3 installed packages in //home/linux/python/ros2_new_ws/install
[0.303s] DEBUG:colcon.colcon_installed_package_information.package_discovery:Found 445 installed packages in /opt/ros/humble
[0.304s] Level 1:colcon.colcon_core.package_discovery:discover_packages(prefix_path) using defaults
[0.335s] Level 5:colcon.colcon_core.verb:set package 'capella_avoiding_pedestrians' build argument 'cmake_args' from command line to 'None'
[0.335s] Level 5:colcon.colcon_core.verb:set package 'capella_avoiding_pedestrians' build argument 'cmake_target' from command line to 'None'
[0.335s] Level 5:colcon.colcon_core.verb:set package 'capella_avoiding_pedestrians' build argument 'cmake_target_skip_unavailable' from command line to 'False'
[0.335s] Level 5:colcon.colcon_core.verb:set package 'capella_avoiding_pedestrians' build argument 'cmake_clean_cache' from command line to 'False'
[0.335s] Level 5:colcon.colcon_core.verb:set package 'capella_avoiding_pedestrians' build argument 'cmake_clean_first' from command line to 'False'
[0.335s] Level 5:colcon.colcon_core.verb:set package 'capella_avoiding_pedestrians' build argument 'cmake_force_configure' from command line to 'False'
[0.335s] Level 5:colcon.colcon_core.verb:set package 'capella_avoiding_pedestrians' build argument 'ament_cmake_args' from command line to 'None'
[0.335s] Level 5:colcon.colcon_core.verb:set package 'capella_avoiding_pedestrians' build argument 'catkin_cmake_args' from command line to 'None'
[0.335s] Level 5:colcon.colcon_core.verb:set package 'capella_avoiding_pedestrians' build argument 'catkin_skip_building_tests' from command line to 'False'
[0.335s] DEBUG:colcon.colcon_core.verb:Building package 'capella_avoiding_pedestrians' with the following arguments: {'ament_cmake_args': None, 'build_base': '/home/linux/c++/build/capella_avoiding_pedestrians', 'catkin_cmake_args': None, 'catkin_skip_building_tests': False, 'cmake_args': None, 'cmake_clean_cache': False, 'cmake_clean_first': False, 'cmake_force_configure': False, 'cmake_target': None, 'cmake_target_skip_unavailable': False, 'install_base': '/home/linux/c++/install/capella_avoiding_pedestrians', 'merge_install': False, 'path': '/home/linux/c++/src/capella_avoiding_pedestrians', 'symlink_install': True, 'test_result_base': None}
[0.335s] INFO:colcon.colcon_core.executor:Executing jobs using 'parallel' executor
[0.336s] DEBUG:colcon.colcon_parallel_executor.executor.parallel:run_until_complete
[0.336s] INFO:colcon.colcon_ros.task.ament_cmake.build:Building ROS package in '/home/linux/c++/src/capella_avoiding_pedestrians' with build type 'ament_cmake'
[0.336s] INFO:colcon.colcon_cmake.task.cmake.build:Building CMake package in '/home/linux/c++/src/capella_avoiding_pedestrians'
[0.338s] INFO:colcon.colcon_core.plugin_system:Skipping extension 'colcon_core.shell.bat': Not used on non-Windows systems
[0.338s] INFO:colcon.colcon_core.shell:Skip shell extension 'powershell' for command environment: Not usable outside of PowerShell
[0.338s] DEBUG:colcon.colcon_core.shell:Skip shell extension 'dsv' for command environment
[0.347s] DEBUG:colcon.colcon_core.event_handler.log_command:Invoking command in '/home/linux/c++/build/capella_avoiding_pedestrians': CMAKE_PREFIX_PATH=${CMAKE_PREFIX_PATH}:/home/linux/python/ros2_new_ws/install/capella_clean_garbage:/home/linux/python/ros2_new_ws/install/auto_clean_garbage_nodes:/home/linux/python/install/auto_clean_garbage_nodes://home/linux/python/ros2_new_ws/install/capella_clean_garbage://home/linux/python/ros2_new_ws/install/auto_clean_garbage_nodes:/opt/ros/humble /usr/bin/cmake --build /home/linux/c++/build/capella_avoiding_pedestrians -- -j16 -l16
[16.191s] DEBUG:colcon.colcon_core.event_handler.log_command:Invoked command in '/home/linux/c++/build/capella_avoiding_pedestrians' returned '0': CMAKE_PREFIX_PATH=${CMAKE_PREFIX_PATH}:/home/linux/python/ros2_new_ws/install/capella_clean_garbage:/home/linux/python/ros2_new_ws/install/auto_clean_garbage_nodes:/home/linux/python/install/auto_clean_garbage_nodes://home/linux/python/ros2_new_ws/install/capella_clean_garbage://home/linux/python/ros2_new_ws/install/auto_clean_garbage_nodes:/opt/ros/humble /usr/bin/cmake --build /home/linux/c++/build/capella_avoiding_pedestrians -- -j16 -l16
[16.201s] DEBUG:colcon.colcon_core.event_handler.log_command:Invoking command in '/home/linux/c++/build/capella_avoiding_pedestrians': CMAKE_PREFIX_PATH=${CMAKE_PREFIX_PATH}:/home/linux/python/ros2_new_ws/install/capella_clean_garbage:/home/linux/python/ros2_new_ws/install/auto_clean_garbage_nodes:/home/linux/python/install/auto_clean_garbage_nodes://home/linux/python/ros2_new_ws/install/capella_clean_garbage://home/linux/python/ros2_new_ws/install/auto_clean_garbage_nodes:/opt/ros/humble /usr/bin/cmake --install /home/linux/c++/build/capella_avoiding_pedestrians
[16.225s] Level 1:colcon.colcon_core.environment:create_environment_scripts_only(capella_avoiding_pedestrians)
[16.226s] DEBUG:colcon.colcon_core.event_handler.log_command:Invoked command in '/home/linux/c++/build/capella_avoiding_pedestrians' returned '0': CMAKE_PREFIX_PATH=${CMAKE_PREFIX_PATH}:/home/linux/python/ros2_new_ws/install/capella_clean_garbage:/home/linux/python/ros2_new_ws/install/auto_clean_garbage_nodes:/home/linux/python/install/auto_clean_garbage_nodes://home/linux/python/ros2_new_ws/install/capella_clean_garbage://home/linux/python/ros2_new_ws/install/auto_clean_garbage_nodes:/opt/ros/humble /usr/bin/cmake --install /home/linux/c++/build/capella_avoiding_pedestrians
[16.230s] Level 1:colcon.colcon_core.environment:checking '/home/linux/c++/install/capella_avoiding_pedestrians' for CMake module files
[16.231s] Level 1:colcon.colcon_core.environment:checking '/home/linux/c++/install/capella_avoiding_pedestrians' for CMake config files
[16.232s] Level 1:colcon.colcon_core.shell:create_environment_hook('capella_avoiding_pedestrians', 'cmake_prefix_path')
[16.232s] INFO:colcon.colcon_core.shell:Creating environment hook '/home/linux/c++/install/capella_avoiding_pedestrians/share/capella_avoiding_pedestrians/hook/cmake_prefix_path.ps1'
[16.234s] INFO:colcon.colcon_core.shell:Creating environment descriptor '/home/linux/c++/install/capella_avoiding_pedestrians/share/capella_avoiding_pedestrians/hook/cmake_prefix_path.dsv'
[16.234s] INFO:colcon.colcon_core.shell:Creating environment hook '/home/linux/c++/install/capella_avoiding_pedestrians/share/capella_avoiding_pedestrians/hook/cmake_prefix_path.sh'
[16.236s] Level 1:colcon.colcon_core.environment:checking '/home/linux/c++/install/capella_avoiding_pedestrians/lib'
[16.236s] Level 1:colcon.colcon_core.environment:checking '/home/linux/c++/install/capella_avoiding_pedestrians/bin'
[16.236s] Level 1:colcon.colcon_core.environment:checking '/home/linux/c++/install/capella_avoiding_pedestrians/lib/pkgconfig/capella_avoiding_pedestrians.pc'
[16.236s] Level 1:colcon.colcon_core.environment:checking '/home/linux/c++/install/capella_avoiding_pedestrians/lib/python3.10/site-packages'
[16.237s] Level 1:colcon.colcon_core.environment:checking '/home/linux/c++/install/capella_avoiding_pedestrians/bin'
[16.237s] INFO:colcon.colcon_core.shell:Creating package script '/home/linux/c++/install/capella_avoiding_pedestrians/share/capella_avoiding_pedestrians/package.ps1'
[16.238s] INFO:colcon.colcon_core.shell:Creating package descriptor '/home/linux/c++/install/capella_avoiding_pedestrians/share/capella_avoiding_pedestrians/package.dsv'
[16.238s] INFO:colcon.colcon_core.shell:Creating package script '/home/linux/c++/install/capella_avoiding_pedestrians/share/capella_avoiding_pedestrians/package.sh'
[16.239s] INFO:colcon.colcon_core.shell:Creating package script '/home/linux/c++/install/capella_avoiding_pedestrians/share/capella_avoiding_pedestrians/package.bash'
[16.240s] INFO:colcon.colcon_core.shell:Creating package script '/home/linux/c++/install/capella_avoiding_pedestrians/share/capella_avoiding_pedestrians/package.zsh'
[16.240s] Level 1:colcon.colcon_core.environment:create_file_with_runtime_dependencies(/home/linux/c++/install/capella_avoiding_pedestrians/share/colcon-core/packages/capella_avoiding_pedestrians)
[16.241s] Level 1:colcon.colcon_core.environment:create_environment_scripts_only(capella_avoiding_pedestrians)
[16.241s] Level 1:colcon.colcon_core.environment:checking '/home/linux/c++/install/capella_avoiding_pedestrians' for CMake module files
[16.241s] Level 1:colcon.colcon_core.environment:checking '/home/linux/c++/install/capella_avoiding_pedestrians' for CMake config files
[16.241s] Level 1:colcon.colcon_core.shell:create_environment_hook('capella_avoiding_pedestrians', 'cmake_prefix_path')
[16.242s] INFO:colcon.colcon_core.shell:Creating environment hook '/home/linux/c++/install/capella_avoiding_pedestrians/share/capella_avoiding_pedestrians/hook/cmake_prefix_path.ps1'
[16.242s] INFO:colcon.colcon_core.shell:Creating environment descriptor '/home/linux/c++/install/capella_avoiding_pedestrians/share/capella_avoiding_pedestrians/hook/cmake_prefix_path.dsv'
[16.242s] INFO:colcon.colcon_core.shell:Creating environment hook '/home/linux/c++/install/capella_avoiding_pedestrians/share/capella_avoiding_pedestrians/hook/cmake_prefix_path.sh'
[16.243s] Level 1:colcon.colcon_core.environment:checking '/home/linux/c++/install/capella_avoiding_pedestrians/lib'
[16.243s] Level 1:colcon.colcon_core.environment:checking '/home/linux/c++/install/capella_avoiding_pedestrians/bin'
[16.243s] Level 1:colcon.colcon_core.environment:checking '/home/linux/c++/install/capella_avoiding_pedestrians/lib/pkgconfig/capella_avoiding_pedestrians.pc'
[16.243s] Level 1:colcon.colcon_core.environment:checking '/home/linux/c++/install/capella_avoiding_pedestrians/lib/python3.10/site-packages'
[16.243s] Level 1:colcon.colcon_core.environment:checking '/home/linux/c++/install/capella_avoiding_pedestrians/bin'
[16.243s] INFO:colcon.colcon_core.shell:Creating package script '/home/linux/c++/install/capella_avoiding_pedestrians/share/capella_avoiding_pedestrians/package.ps1'
[16.244s] INFO:colcon.colcon_core.shell:Creating package descriptor '/home/linux/c++/install/capella_avoiding_pedestrians/share/capella_avoiding_pedestrians/package.dsv'
[16.244s] INFO:colcon.colcon_core.shell:Creating package script '/home/linux/c++/install/capella_avoiding_pedestrians/share/capella_avoiding_pedestrians/package.sh'
[16.245s] INFO:colcon.colcon_core.shell:Creating package script '/home/linux/c++/install/capella_avoiding_pedestrians/share/capella_avoiding_pedestrians/package.bash'
[16.245s] INFO:colcon.colcon_core.shell:Creating package script '/home/linux/c++/install/capella_avoiding_pedestrians/share/capella_avoiding_pedestrians/package.zsh'
[16.245s] Level 1:colcon.colcon_core.environment:create_file_with_runtime_dependencies(/home/linux/c++/install/capella_avoiding_pedestrians/share/colcon-core/packages/capella_avoiding_pedestrians)
[16.246s] DEBUG:colcon.colcon_parallel_executor.executor.parallel:closing loop
[16.246s] DEBUG:colcon.colcon_parallel_executor.executor.parallel:loop closed
[16.247s] DEBUG:colcon.colcon_parallel_executor.executor.parallel:run_until_complete finished with '0'
[16.247s] DEBUG:colcon.colcon_core.event_reactor:joining thread
[16.252s] INFO:colcon.colcon_core.plugin_system:Skipping extension 'colcon_notification.desktop_notification.terminal_notifier': Not used on non-Darwin systems
[16.252s] INFO:colcon.colcon_core.plugin_system:Skipping extension 'colcon_notification.desktop_notification.win32': Not used on non-Windows systems
[16.252s] INFO:colcon.colcon_notification.desktop_notification:Sending desktop notification using 'notify2'
[16.257s] DEBUG:colcon.colcon_core.event_reactor:joined thread
[16.258s] INFO:colcon.colcon_core.shell:Creating prefix script '/home/linux/c++/install/local_setup.ps1'
[16.259s] INFO:colcon.colcon_core.shell:Creating prefix util module '/home/linux/c++/install/_local_setup_util_ps1.py'
[16.260s] INFO:colcon.colcon_core.shell:Creating prefix chain script '/home/linux/c++/install/setup.ps1'
[16.261s] INFO:colcon.colcon_core.shell:Creating prefix script '/home/linux/c++/install/local_setup.sh'
[16.262s] INFO:colcon.colcon_core.shell:Creating prefix util module '/home/linux/c++/install/_local_setup_util_sh.py'
[16.262s] INFO:colcon.colcon_core.shell:Creating prefix chain script '/home/linux/c++/install/setup.sh'
[16.263s] INFO:colcon.colcon_core.shell:Creating prefix script '/home/linux/c++/install/local_setup.bash'
[16.264s] INFO:colcon.colcon_core.shell:Creating prefix chain script '/home/linux/c++/install/setup.bash'
[16.265s] INFO:colcon.colcon_core.shell:Creating prefix script '/home/linux/c++/install/local_setup.zsh'
[16.265s] INFO:colcon.colcon_core.shell:Creating prefix chain script '/home/linux/c++/install/setup.zsh'
