[35m[1mConsolidate compiler generated dependencies of target behavior_detection_node[0m
[ 50%] [32mBuilding CXX object CMakeFiles/behavior_detection_node.dir/src/avoiding_pedestrians.cpp.o[0m
[01m[K/home/linux/c++/src/capella_avoiding_pedestrians/src/avoiding_pedestrians.cpp:[m[K In member function ‘[01m[Kvoid BehaviorDetectionNode::imageCallback(sensor_msgs::msg::Image_<std::allocator<void> >::SharedPtr)[m[K’:
[01m[K/home/linux/c++/src/capella_avoiding_pedestrians/src/avoiding_pedestrians.cpp:260:16:[m[K [01;31m[Kerror: [m[K‘[01m[Kstruct BehaviorDetectionNode::DetectionResult[m[K’ has no member named ‘[01m[Klaser_frame_id[m[K’
  260 |         result.[01;31m[Klaser_frame_id[m[K = latest_scan->header.frame_id;
      |                [01;31m[K^~~~~~~~~~~~~~[m[K
[01m[K/home/linux/c++/src/capella_avoiding_pedestrians/src/avoiding_pedestrians.cpp:293:20:[m[K [01;31m[Kerror: [m[K‘[01m[Kstruct BehaviorDetectionNode::DetectionResult[m[K’ has no member named ‘[01m[Kpedestrians_laser[m[K’
  293 |             result.[01;31m[Kpedestrians_laser[m[K.push_back(p);
      |                    [01;31m[K^~~~~~~~~~~~~~~~~[m[K
[01m[K/home/linux/c++/src/capella_avoiding_pedestrians/src/avoiding_pedestrians.cpp:[m[K In member function ‘[01m[Kvoid BehaviorDetectionNode::timerCallback()[m[K’:
[01m[K/home/linux/c++/src/capella_avoiding_pedestrians/src/avoiding_pedestrians.cpp:461:17:[m[K [01;31m[Kerror: [m[K‘[01m[Kstruct BehaviorDetectionNode::DetectionResult[m[K’ has no member named ‘[01m[Klaser_frame_id[m[K’
  461 |         sim_det.[01;31m[Klaser_frame_id[m[K = sim_frame;
      |                 [01;31m[K^~~~~~~~~~~~~~[m[K
[01m[K/home/linux/c++/src/capella_avoiding_pedestrians/src/avoiding_pedestrians.cpp:467:17:[m[K [01;31m[Kerror: [m[K‘[01m[Kstruct BehaviorDetectionNode::DetectionResult[m[K’ has no member named ‘[01m[Kpedestrians_laser[m[K’
  467 |         sim_det.[01;31m[Kpedestrians_laser[m[K.push_back(sim_p);
      |                 [01;31m[K^~~~~~~~~~~~~~~~~[m[K
[01m[K/home/linux/c++/src/capella_avoiding_pedestrians/src/avoiding_pedestrians.cpp:484:34:[m[K [01;31m[Kerror: [m[K‘[01m[Kstruct BehaviorDetectionNode::DetectionResult[m[K’ has no member named ‘[01m[Kpedestrians_laser[m[K’
  484 |         if (det.detected && !det.[01;31m[Kpedestrians_laser[m[K.empty() && !det.laser_frame_id.empty()) {
      |                                  [01;31m[K^~~~~~~~~~~~~~~~~[m[K
[01m[K/home/linux/c++/src/capella_avoiding_pedestrians/src/avoiding_pedestrians.cpp:484:68:[m[K [01;31m[Kerror: [m[K‘[01m[Kstruct BehaviorDetectionNode::DetectionResult[m[K’ has no member named ‘[01m[Klaser_frame_id[m[K’
  484 | if (det.detected && !det.pedestrians_laser.empty() && !det.[01;31m[Klaser_frame_id[m[K.empty()) {
      |                                                            [01;31m[K^~~~~~~~~~~~~~[m[K

[01m[K/home/linux/c++/src/capella_avoiding_pedestrians/src/avoiding_pedestrians.cpp:488:41:[m[K [01;31m[Kerror: [m[K‘[01m[Kstruct BehaviorDetectionNode::DetectionResult[m[K’ has no member named ‘[01m[Kpedestrians_laser[m[K’
  488 |             pedestrians_map.reserve(det.[01;31m[Kpedestrians_laser[m[K.size());
      |                                         [01;31m[K^~~~~~~~~~~~~~~~~[m[K
[01m[K/home/linux/c++/src/capella_avoiding_pedestrians/src/avoiding_pedestrians.cpp:489:45:[m[K [01;31m[Kerror: [m[K‘[01m[Kstruct BehaviorDetectionNode::DetectionResult[m[K’ has no member named ‘[01m[Kpedestrians_laser[m[K’
  489 |             for (const auto &pt_laser : det.[01;31m[Kpedestrians_laser[m[K) {
      |                                             [01;31m[K^~~~~~~~~~~~~~~~~[m[K
[01m[K/home/linux/c++/src/capella_avoiding_pedestrians/src/avoiding_pedestrians.cpp:491:44:[m[K [01;31m[Kerror: [m[K‘[01m[Kstruct BehaviorDetectionNode::DetectionResult[m[K’ has no member named ‘[01m[Klaser_frame_id[m[K’
  491 |                 p_in.header.frame_id = det.[01;31m[Klaser_frame_id[m[K;
      |                                            [01;31m[K^~~~~~~~~~~~~~[m[K
In file included from [01m[K/opt/ros/humble/include/rclcpp/rclcpp/logging.hpp:24[m[K,
                 from [01m[K/opt/ros/humble/include/rclcpp/rclcpp/client.hpp:40[m[K,
                 from [01m[K/opt/ros/humble/include/rclcpp/rclcpp/callback_group.hpp:24[m[K,
                 from [01m[K/opt/ros/humble/include/rclcpp/rclcpp/any_executable.hpp:20[m[K,
                 from [01m[K/opt/ros/humble/include/rclcpp/rclcpp/memory_strategy.hpp:25[m[K,
                 from [01m[K/opt/ros/humble/include/rclcpp/rclcpp/memory_strategies.hpp:18[m[K,
                 from [01m[K/opt/ros/humble/include/rclcpp/rclcpp/executor_options.hpp:20[m[K,
                 from [01m[K/opt/ros/humble/include/rclcpp/rclcpp/executor.hpp:37[m[K,
                 from [01m[K/opt/ros/humble/include/rclcpp/rclcpp/executors/multi_threaded_executor.hpp:25[m[K,
                 from [01m[K/opt/ros/humble/include/rclcpp/rclcpp/executors.hpp:21[m[K,
                 from [01m[K/opt/ros/humble/include/rclcpp/rclcpp/rclcpp.hpp:155[m[K,
                 from [01m[K/home/linux/c++/src/capella_avoiding_pedestrians/include/capella_avoiding_pedestrians/avoiding_pedestrians.hpp:8[m[K,
                 from [01m[K/home/linux/c++/src/capella_avoiding_pedestrians/src/avoiding_pedestrians.cpp:1[m[K:
[01m[K/home/linux/c++/src/capella_avoiding_pedestrians/src/avoiding_pedestrians.cpp:501:64:[m[K [01;31m[Kerror: [m[K‘[01m[Kstruct BehaviorDetectionNode::DetectionResult[m[K’ has no member named ‘[01m[Klaser_frame_id[m[K’
  501 |                     "TF transform %s->map failed: %s", det.[01;31m[Klaser_frame_id[m[K.c_str(), e.what());
      |                                                            [01;31m[K^~~~~~~~~~~~~~[m[K

gmake[2]: *** [CMakeFiles/behavior_detection_node.dir/build.make:76: CMakeFiles/behavior_detection_node.dir/src/avoiding_pedestrians.cpp.o] Error 1
gmake[1]: *** [CMakeFiles/Makefile2:137: CMakeFiles/behavior_detection_node.dir/all] Error 2
gmake: *** [Makefile:146: all] Error 2
