[0.011s] Invoking command in '/home/linux/c++/build/capella_avoiding_pedestrians': CMAKE_PREFIX_PATH=${CMAKE_PREFIX_PATH}:/home/linux/python/ros2_new_ws/install/capella_clean_garbage:/home/linux/python/ros2_new_ws/install/auto_clean_garbage_nodes:/home/linux/python/install/auto_clean_garbage_nodes://home/linux/python/ros2_new_ws/install/capella_clean_garbage://home/linux/python/ros2_new_ws/install/auto_clean_garbage_nodes:/opt/ros/humble /usr/bin/cmake --build /home/linux/c++/build/capella_avoiding_pedestrians -- -j16 -l16
[0.049s] [35m[1mConsolidate compiler generated dependencies of target behavior_detection_node[0m
[0.063s] [ 50%] [32mBuilding CXX object CMakeFiles/behavior_detection_node.dir/src/avoiding_pedestrians.cpp.o[0m
[2.833s] [01m[K/home/linux/c++/src/capella_avoiding_pedestrians/src/avoiding_pedestrians.cpp:[m[K In member function ‘[01m[Kvoid BehaviorDetectionNode::imageCallback(sensor_msgs::msg::Image_<std::allocator<void> >::SharedPtr)[m[K’:
[2.833s] [01m[K/home/linux/c++/src/capella_avoiding_pedestrians/src/avoiding_pedestrians.cpp:260:16:[m[K [01;31m[Kerror: [m[K‘[01m[Kstruct BehaviorDetectionNode::DetectionResult[m[K’ has no member named ‘[01m[Klaser_frame_id[m[K’
[2.833s]   260 |         result.[01;31m[Klaser_frame_id[m[K = latest_scan->header.frame_id;
[2.833s]       |                [01;31m[K^~~~~~~~~~~~~~[m[K
[2.834s] [01m[K/home/linux/c++/src/capella_avoiding_pedestrians/src/avoiding_pedestrians.cpp:293:20:[m[K [01;31m[Kerror: [m[K‘[01m[Kstruct BehaviorDetectionNode::DetectionResult[m[K’ has no member named ‘[01m[Kpedestrians_laser[m[K’
[2.834s]   293 |             result.[01;31m[Kpedestrians_laser[m[K.push_back(p);
[2.834s]       |                    [01;31m[K^~~~~~~~~~~~~~~~~[m[K
[2.843s] [01m[K/home/linux/c++/src/capella_avoiding_pedestrians/src/avoiding_pedestrians.cpp:[m[K In member function ‘[01m[Kvoid BehaviorDetectionNode::timerCallback()[m[K’:
[2.843s] [01m[K/home/linux/c++/src/capella_avoiding_pedestrians/src/avoiding_pedestrians.cpp:461:17:[m[K [01;31m[Kerror: [m[K‘[01m[Kstruct BehaviorDetectionNode::DetectionResult[m[K’ has no member named ‘[01m[Klaser_frame_id[m[K’
[2.843s]   461 |         sim_det.[01;31m[Klaser_frame_id[m[K = sim_frame;
[2.843s]       |                 [01;31m[K^~~~~~~~~~~~~~[m[K
[2.843s] [01m[K/home/linux/c++/src/capella_avoiding_pedestrians/src/avoiding_pedestrians.cpp:467:17:[m[K [01;31m[Kerror: [m[K‘[01m[Kstruct BehaviorDetectionNode::DetectionResult[m[K’ has no member named ‘[01m[Kpedestrians_laser[m[K’
[2.843s]   467 |         sim_det.[01;31m[Kpedestrians_laser[m[K.push_back(sim_p);
[2.843s]       |                 [01;31m[K^~~~~~~~~~~~~~~~~[m[K
[2.844s] [01m[K/home/linux/c++/src/capella_avoiding_pedestrians/src/avoiding_pedestrians.cpp:484:34:[m[K [01;31m[Kerror: [m[K‘[01m[Kstruct BehaviorDetectionNode::DetectionResult[m[K’ has no member named ‘[01m[Kpedestrians_laser[m[K’
[2.844s]   484 |         if (det.detected && !det.[01;31m[Kpedestrians_laser[m[K.empty() && !det.laser_frame_id.empty()) {
[2.844s]       |                                  [01;31m[K^~~~~~~~~~~~~~~~~[m[K
[2.844s] [01m[K/home/linux/c++/src/capella_avoiding_pedestrians/src/avoiding_pedestrians.cpp:484:68:[m[K [01;31m[Kerror: [m[K‘[01m[Kstruct BehaviorDetectionNode::DetectionResult[m[K’ has no member named ‘[01m[Klaser_frame_id[m[K’
[2.844s]   484 | if (det.detected && !det.pedestrians_laser.empty() && !det.[01;31m[Klaser_frame_id[m[K.empty()) {
[2.844s]       |                                                            [01;31m[K^~~~~~~~~~~~~~[m[K
[2.844s] 
[2.846s] [01m[K/home/linux/c++/src/capella_avoiding_pedestrians/src/avoiding_pedestrians.cpp:488:41:[m[K [01;31m[Kerror: [m[K‘[01m[Kstruct BehaviorDetectionNode::DetectionResult[m[K’ has no member named ‘[01m[Kpedestrians_laser[m[K’
[2.847s]   488 |             pedestrians_map.reserve(det.[01;31m[Kpedestrians_laser[m[K.size());
[2.847s]       |                                         [01;31m[K^~~~~~~~~~~~~~~~~[m[K
[2.847s] [01m[K/home/linux/c++/src/capella_avoiding_pedestrians/src/avoiding_pedestrians.cpp:489:45:[m[K [01;31m[Kerror: [m[K‘[01m[Kstruct BehaviorDetectionNode::DetectionResult[m[K’ has no member named ‘[01m[Kpedestrians_laser[m[K’
[2.847s]   489 |             for (const auto &pt_laser : det.[01;31m[Kpedestrians_laser[m[K) {
[2.847s]       |                                             [01;31m[K^~~~~~~~~~~~~~~~~[m[K
[2.847s] [01m[K/home/linux/c++/src/capella_avoiding_pedestrians/src/avoiding_pedestrians.cpp:491:44:[m[K [01;31m[Kerror: [m[K‘[01m[Kstruct BehaviorDetectionNode::DetectionResult[m[K’ has no member named ‘[01m[Klaser_frame_id[m[K’
[2.847s]   491 |                 p_in.header.frame_id = det.[01;31m[Klaser_frame_id[m[K;
[2.847s]       |                                            [01;31m[K^~~~~~~~~~~~~~[m[K
[2.847s] In file included from [01m[K/opt/ros/humble/include/rclcpp/rclcpp/logging.hpp:24[m[K,
[2.847s]                  from [01m[K/opt/ros/humble/include/rclcpp/rclcpp/client.hpp:40[m[K,
[2.847s]                  from [01m[K/opt/ros/humble/include/rclcpp/rclcpp/callback_group.hpp:24[m[K,
[2.848s]                  from [01m[K/opt/ros/humble/include/rclcpp/rclcpp/any_executable.hpp:20[m[K,
[2.848s]                  from [01m[K/opt/ros/humble/include/rclcpp/rclcpp/memory_strategy.hpp:25[m[K,
[2.848s]                  from [01m[K/opt/ros/humble/include/rclcpp/rclcpp/memory_strategies.hpp:18[m[K,
[2.848s]                  from [01m[K/opt/ros/humble/include/rclcpp/rclcpp/executor_options.hpp:20[m[K,
[2.848s]                  from [01m[K/opt/ros/humble/include/rclcpp/rclcpp/executor.hpp:37[m[K,
[2.848s]                  from [01m[K/opt/ros/humble/include/rclcpp/rclcpp/executors/multi_threaded_executor.hpp:25[m[K,
[2.848s]                  from [01m[K/opt/ros/humble/include/rclcpp/rclcpp/executors.hpp:21[m[K,
[2.848s]                  from [01m[K/opt/ros/humble/include/rclcpp/rclcpp/rclcpp.hpp:155[m[K,
[2.848s]                  from [01m[K/home/linux/c++/src/capella_avoiding_pedestrians/include/capella_avoiding_pedestrians/avoiding_pedestrians.hpp:8[m[K,
[2.848s]                  from [01m[K/home/linux/c++/src/capella_avoiding_pedestrians/src/avoiding_pedestrians.cpp:1[m[K:
[2.848s] [01m[K/home/linux/c++/src/capella_avoiding_pedestrians/src/avoiding_pedestrians.cpp:501:64:[m[K [01;31m[Kerror: [m[K‘[01m[Kstruct BehaviorDetectionNode::DetectionResult[m[K’ has no member named ‘[01m[Klaser_frame_id[m[K’
[2.848s]   501 |                     "TF transform %s->map failed: %s", det.[01;31m[Klaser_frame_id[m[K.c_str(), e.what());
[2.848s]       |                                                            [01;31m[K^~~~~~~~~~~~~~[m[K
[2.848s] 
[7.953s] gmake[2]: *** [CMakeFiles/behavior_detection_node.dir/build.make:76: CMakeFiles/behavior_detection_node.dir/src/avoiding_pedestrians.cpp.o] Error 1
[7.954s] gmake[1]: *** [CMakeFiles/Makefile2:137: CMakeFiles/behavior_detection_node.dir/all] Error 2
[7.954s] gmake: *** [Makefile:146: all] Error 2
[7.956s] Invoked command in '/home/linux/c++/build/capella_avoiding_pedestrians' returned '2': CMAKE_PREFIX_PATH=${CMAKE_PREFIX_PATH}:/home/linux/python/ros2_new_ws/install/capella_clean_garbage:/home/linux/python/ros2_new_ws/install/auto_clean_garbage_nodes:/home/linux/python/install/auto_clean_garbage_nodes://home/linux/python/ros2_new_ws/install/capella_clean_garbage://home/linux/python/ros2_new_ws/install/auto_clean_garbage_nodes:/opt/ros/humble /usr/bin/cmake --build /home/linux/c++/build/capella_avoiding_pedestrians -- -j16 -l16
